#
# A fatal error has been detected by the Java Runtime Environment:
#
#  EXCEPTION_ACCESS_VIOLATION (0xc0000005) at pc=0x0000000000000000, pid=4824, tid=1172
#
# JRE version: 7.0_15-b03
# Java VM: Java HotSpot(TM) 64-Bit Server VM (23.7-b01 mixed mode windows-amd64 compressed oops)
# Problematic frame:
# C  0x0000000000000000
#
# Failed to write core dump. Minidumps are not enabled by default on client versions of Windows
#
# If you would like to submit a bug report, please visit:
#   http://bugreport.sun.com/bugreport/crash.jsp
# The crash happened outside the Java Virtual Machine in native code.
# See problematic frame for where to report the bug.
#

---------------  T H R E A D  ---------------

Current thread (0x0000000010bdc800):  JavaThread "LWJGL Application" [_thread_in_native, id=1172, stack(0x0000000012530000,0x0000000012630000)]

siginfo: ExceptionCode=0xc0000005, ExceptionInformation=0x0000000000000008 0x0000000000000000

Registers:
RAX=0x0000000019083400, RBX=0x00000000190832c0, RCX=0x00000000190832c0, RDX=0x00000000001a0120
RSP=0x000000001262ec68, RBP=0x0000000019087d20, RSI=0x00000000001a0120, RDI=0x00000000001a0120
R8 =0x00000000001a0120, R9 =0x00000000190832c0, R10=0x00000000024f237c, R11=0x000000005fe41f50
R12=0x0000000000000000, R13=0x000000073bda8310, R14=0x000000001262edd0, R15=0x0000000010bdc800
RIP=0x0000000000000000, EFLAGS=0x0000000000010202

Top of Stack: (sp=0x000000001262ec68)
0x000000001262ec68:   0000000065593692 00000000024e5510
0x000000001262ec78:   0000000000000000 000000001262eda0
0x000000001262ec88:   000000001262ed48 00000000109c58a8
0x000000001262ec98:   00000000190832c0 00000000001ba010
0x000000001262eca8:   00000000655a0b23 0000000000000016
0x000000001262ecb8:   000000073bb677fb 00000000000000b6
0x000000001262ecc8:   0000000000000000 000000073bda8310
0x000000001262ecd8:   00000007c3bea0e0 00000000f877d41c
0x000000001262ece8:   000000001262ed90 0000000000000000
0x000000001262ecf8:   00000000024f23a8 000000073bb67a10
0x000000001262ed08:   0000000000000000 000000001262ed48
0x000000001262ed18:   000000001262eda0 00000000024e63d3
0x000000001262ed28:   0000000000000000 0000000000000400
0x000000001262ed38:   0000000000000400 00000007c3cb4dd0
0x000000001262ed48:   00000000190832c0 000000001262ed50
0x000000001262ed58:   0000000000000000 000000001262edd0 

Instructions: (pc=0x0000000000000000)
0xffffffffffffffe0:   


Register to memory mapping:

RAX=0x0000000019083400 is an unknown value
RBX=0x00000000190832c0 is an unknown value
RCX=0x00000000190832c0 is an unknown value
RDX=0x00000000001a0120 is an unknown value
RSP=0x000000001262ec68 is pointing into the stack for thread: 0x0000000010bdc800
RBP=0x0000000019087d20 is an unknown value
RSI=0x00000000001a0120 is an unknown value
RDI=0x00000000001a0120 is an unknown value
R8 =0x00000000001a0120 is an unknown value
R9 =0x00000000190832c0 is an unknown value
R10=0x00000000024f237c is an Interpreter codelet
method entry point (kind = native)  [0x00000000024f2100, 0x00000000024f2980]  2176 bytes
R11=0x000000005fe41f50 is an unknown value
R12=0x0000000000000000 is an unknown value
R13=0x000000073bda8310 is an oop
{method} 
 - klass: {other class}
R14=0x000000001262edd0 is pointing into the stack for thread: 0x0000000010bdc800
R15=0x0000000010bdc800 is a thread


Stack: [0x0000000012530000,0x0000000012630000],  sp=0x000000001262ec68,  free space=1019k
Java frames: (J=compiled Java code, j=interpreted, Vv=VM code)
j  com.badlogic.gdx.physics.box2d.World.jniDestroyJoint(JJ)V+0
j  com.badlogic.gdx.physics.box2d.World.destroyJoint(Lcom/badlogic/gdx/physics/box2d/Joint;)V+57
j  org.siggd.actor.Blob.transform()V+538
j  org.siggd.actor.Blob.keyDown(I)Z+141
j  com.badlogic.gdx.InputMultiplexer.keyDown(I)Z+27
j  com.badlogic.gdx.backends.lwjgl.LwjglInput.processEvents()V+98
j  com.badlogic.gdx.backends.lwjgl.LwjglApplication.mainLoop()V+459
j  com.badlogic.gdx.backends.lwjgl.LwjglApplication$1.run()V+27
v  ~StubRoutines::call_stub

---------------  P R O C E S S  ---------------

Java Threads: ( => current thread )
  0x0000000015b59800 JavaThread "LWJGL Timer" daemon [_thread_blocked, id=448, stack(0x00000000193c0000,0x00000000194c0000)]
  0x00000000153bc800 JavaThread "D3D Screen Updater" daemon [_thread_blocked, id=3576, stack(0x0000000017fa0000,0x00000000180a0000)]
  0x00000000153b2000 JavaThread "AssetManager-Loader-Thread" daemon [_thread_blocked, id=3832, stack(0x0000000018560000,0x0000000018660000)]
  0x0000000015985000 JavaThread "AWT-EventQueue-0" [_thread_blocked, id=2304, stack(0x0000000018440000,0x0000000018540000)]
  0x0000000010d4f800 JavaThread "AWT-Windows" daemon [_thread_in_native, id=3572, stack(0x0000000016c10000,0x0000000016d10000)]
  0x0000000010d0b800 JavaThread "AWT-Shutdown" [_thread_blocked, id=5644, stack(0x0000000016a60000,0x0000000016b60000)]
  0x00000000154fd800 JavaThread "Java2D Disposer" daemon [_thread_blocked, id=6040, stack(0x00000000168f0000,0x00000000169f0000)]
  0x0000000001cfd000 JavaThread "DestroyJavaVM" [_thread_blocked, id=5436, stack(0x00000000023e0000,0x00000000024e0000)]
=>0x0000000010bdc800 JavaThread "LWJGL Application" [_thread_in_native, id=1172, stack(0x0000000012530000,0x0000000012630000)]
  0x00000000109d0800 JavaThread "Service Thread" daemon [_thread_blocked, id=5616, stack(0x0000000010ec0000,0x0000000010fc0000)]
  0x00000000109b4800 JavaThread "C2 CompilerThread1" daemon [_thread_blocked, id=3492, stack(0x0000000011400000,0x0000000011500000)]
  0x00000000109a0000 JavaThread "C2 CompilerThread0" daemon [_thread_blocked, id=2932, stack(0x0000000011250000,0x0000000011350000)]
  0x000000001099e000 JavaThread "Attach Listener" daemon [_thread_blocked, id=3824, stack(0x0000000011020000,0x0000000011120000)]
  0x000000001099d800 JavaThread "Signal Dispatcher" daemon [_thread_blocked, id=3480, stack(0x0000000010dc0000,0x0000000010ec0000)]
  0x000000000e9ba800 JavaThread "Finalizer" daemon [_thread_blocked, id=5172, stack(0x0000000010850000,0x0000000010950000)]
  0x000000000e9b2000 JavaThread "Reference Handler" daemon [_thread_blocked, id=1676, stack(0x00000000106d0000,0x00000000107d0000)]

Other Threads:
  0x000000000e9a9000 VMThread [stack: 0x00000000104f0000,0x00000000105f0000] [id=2176]
  0x00000000109d9000 WatcherThread [stack: 0x0000000011140000,0x0000000011240000] [id=1096]

VM state:not at safepoint (normal execution)

VM Mutex/Monitor currently owned by a thread: None

Heap
 PSYoungGen      total 57152K, used 24751K [0x00000007c0360000, 0x00000007c4320000, 0x0000000800000000)
  eden space 49024K, 43% used [0x00000007c0360000,0x00000007c18498d8,0x00000007c3340000)
  from space 8128K, 41% used [0x00000007c3b30000,0x00000007c3e72408,0x00000007c4320000)
  to   space 8128K, 0% used [0x00000007c3340000,0x00000007c3340000,0x00000007c3b30000)
 ParOldGen       total 130688K, used 16K [0x0000000740a00000, 0x00000007489a0000, 0x00000007c0360000)
  object space 130688K, 0% used [0x0000000740a00000,0x0000000740a04000,0x00000007489a0000)
 PSPermGen       total 21248K, used 16313K [0x000000073b800000, 0x000000073ccc0000, 0x0000000740a00000)
  object space 21248K, 76% used [0x000000073b800000,0x000000073c7ee6a0,0x000000073ccc0000)

Card table byte_map: [0x00000000054e0000,0x0000000005b10000] byte_map_base: 0x0000000001b04000

Polling page: 0x0000000000420000

Code Cache  [0x00000000024e0000, 0x0000000002750000, 0x00000000054e0000)
 total_blobs=1021 nmethods=433 adapters=539 free_code_cache=47553Kb largest_free_block=48660800

Compilation events (10 events):
Event: 12.385 Thread 0x00000000109a0000 nmethod 431 0x0000000002669510 code [0x0000000002669660, 0x0000000002669768]
Event: 12.385 Thread 0x00000000109b4800 nmethod 432 0x0000000002673150 code [0x00000000026732a0, 0x0000000002673388]
Event: 12.396 Thread 0x00000000109b4800  434             com.badlogic.gdx.math.Frustum::update (263 bytes)
Event: 12.411 Thread 0x00000000109b4800 nmethod 434 0x0000000002675650 code [0x0000000002675820, 0x00000000026766e8]
Event: 12.413 Thread 0x00000000109a0000  435             org.siggd.actor.Actor::update (1 bytes)
Event: 12.413 Thread 0x00000000109a0000 nmethod 435 0x000000000266a250 code [0x000000000266a380, 0x000000000266a3d8]
Event: 12.480 Thread 0x00000000109b4800  436             java.lang.ref.Reference::<init> (25 bytes)
Event: 12.480 Thread 0x00000000109b4800 nmethod 436 0x00000000026700d0 code [0x0000000002670200, 0x00000000026702b8]
Event: 12.629 Thread 0x00000000109a0000  437             com.badlogic.gdx.physics.box2d.World::contactFilter (144 bytes)
Event: 12.633 Thread 0x00000000109a0000 nmethod 437 0x0000000002676f50 code [0x0000000002677100, 0x0000000002677730]

GC Heap History (8 events):
Event: 1.060 GC heap before
{Heap before GC invocations=1 (full 0):
 PSYoungGen      total 57152K, used 37382K [0x00000007c0360000, 0x00000007c4320000, 0x0000000800000000)
  eden space 49024K, 76% used [0x00000007c0360000,0x00000007c27e1818,0x00000007c3340000)
  from space 8128K, 0% used [0x00000007c3b30000,0x00000007c3b30000,0x00000007c4320000)
  to   space 8128K, 0% used [0x00000007c3340000,0x00000007c3340000,0x00000007c3b30000)
 ParOldGen       total 130688K, used 0K [0x0000000740a00000, 0x00000007489a0000, 0x00000007c0360000)
  object space 130688K, 0% used [0x0000000740a00000,0x0000000740a00000,0x00000007489a0000)
 PSPermGen       total 21248K, used 15718K [0x000000073b800000, 0x000000073ccc0000, 0x0000000740a00000)
  object space 21248K, 73% used [0x000000073b800000,0x000000073c759bd0,0x000000073ccc0000)
Event: 1.066 GC heap after
Heap after GC invocations=1 (full 0):
 PSYoungGen      total 57152K, used 5968K [0x00000007c0360000, 0x00000007c4320000, 0x0000000800000000)
  eden space 49024K, 0% used [0x00000007c0360000,0x00000007c0360000,0x00000007c3340000)
  from space 8128K, 73% used [0x00000007c3340000,0x00000007c3914178,0x00000007c3b30000)
  to   space 8128K, 0% used [0x00000007c3b30000,0x00000007c3b30000,0x00000007c4320000)
 ParOldGen       total 130688K, used 8K [0x0000000740a00000, 0x00000007489a0000, 0x00000007c0360000)
  object space 130688K, 0% used [0x0000000740a00000,0x0000000740a02000,0x00000007489a0000)
 PSPermGen       total 21248K, used 15718K [0x000000073b800000, 0x000000073ccc0000, 0x0000000740a00000)
  object space 21248K, 73% used [0x000000073b800000,0x000000073c759bd0,0x000000073ccc0000)
}
Event: 4.079 GC heap before
{Heap before GC invocations=2 (full 0):
 PSYoungGen      total 57152K, used 54992K [0x00000007c0360000, 0x00000007c4320000, 0x0000000800000000)
  eden space 49024K, 100% used [0x00000007c0360000,0x00000007c3340000,0x00000007c3340000)
  from space 8128K, 73% used [0x00000007c3340000,0x00000007c3914178,0x00000007c3b30000)
  to   space 8128K, 0% used [0x00000007c3b30000,0x00000007c3b30000,0x00000007c4320000)
 ParOldGen       total 130688K, used 8K [0x0000000740a00000, 0x00000007489a0000, 0x00000007c0360000)
  object space 130688K, 0% used [0x0000000740a00000,0x0000000740a02000,0x00000007489a0000)
 PSPermGen       total 21248K, used 16230K [0x000000073b800000, 0x000000073ccc0000, 0x0000000740a00000)
  object space 21248K, 76% used [0x000000073b800000,0x000000073c7d9940,0x000000073ccc0000)
Event: 4.084 GC heap after
Heap after GC invocations=2 (full 0):
 PSYoungGen      total 57152K, used 3449K [0x00000007c0360000, 0x00000007c4320000, 0x0000000800000000)
  eden space 49024K, 0% used [0x00000007c0360000,0x00000007c0360000,0x00000007c3340000)
  from space 8128K, 42% used [0x00000007c3b30000,0x00000007c3e8e418,0x00000007c4320000)
  to   space 8128K, 0% used [0x00000007c3340000,0x00000007c3340000,0x00000007c3b30000)
 ParOldGen       total 130688K, used 16K [0x0000000740a00000, 0x00000007489a0000, 0x00000007c0360000)
  object space 130688K, 0% used [0x0000000740a00000,0x0000000740a04000,0x00000007489a0000)
 PSPermGen       total 21248K, used 16230K [0x000000073b800000, 0x000000073ccc0000, 0x0000000740a00000)
  object space 21248K, 76% used [0x000000073b800000,0x000000073c7d9940,0x000000073ccc0000)
}
Event: 7.796 GC heap before
{Heap before GC invocations=3 (full 0):
 PSYoungGen      total 57152K, used 52473K [0x00000007c0360000, 0x00000007c4320000, 0x0000000800000000)
  eden space 49024K, 100% used [0x00000007c0360000,0x00000007c3340000,0x00000007c3340000)
  from space 8128K, 42% used [0x00000007c3b30000,0x00000007c3e8e418,0x00000007c4320000)
  to   space 8128K, 0% used [0x00000007c3340000,0x00000007c3340000,0x00000007c3b30000)
 ParOldGen       total 130688K, used 16K [0x0000000740a00000, 0x00000007489a0000, 0x00000007c0360000)
  object space 130688K, 0% used [0x0000000740a00000,0x0000000740a04000,0x00000007489a0000)
 PSPermGen       total 21248K, used 16275K [0x000000073b800000, 0x000000073ccc0000, 0x0000000740a00000)
  object space 21248K, 76% used [0x000000073b800000,0x000000073c7e4ed0,0x000000073ccc0000)
Event: 7.800 GC heap after
Heap after GC invocations=3 (full 0):
 PSYoungGen      total 57152K, used 3401K [0x00000007c0360000, 0x00000007c4320000, 0x0000000800000000)
  eden space 49024K, 0% used [0x00000007c0360000,0x00000007c0360000,0x00000007c3340000)
  from space 8128K, 41% used [0x00000007c3340000,0x00000007c3692408,0x00000007c3b30000)
  to   space 8128K, 0% used [0x00000007c3b30000,0x00000007c3b30000,0x00000007c4320000)
 ParOldGen       total 130688K, used 16K [0x0000000740a00000, 0x00000007489a0000, 0x00000007c0360000)
  object space 130688K, 0% used [0x0000000740a00000,0x0000000740a04000,0x00000007489a0000)
 PSPermGen       total 21248K, used 16275K [0x000000073b800000, 0x000000073ccc0000, 0x0000000740a00000)
  object space 21248K, 76% used [0x000000073b800000,0x000000073c7e4ed0,0x000000073ccc0000)
}
Event: 11.632 GC heap before
{Heap before GC invocations=4 (full 0):
 PSYoungGen      total 57152K, used 52425K [0x00000007c0360000, 0x00000007c4320000, 0x0000000800000000)
  eden space 49024K, 100% used [0x00000007c0360000,0x00000007c3340000,0x00000007c3340000)
  from space 8128K, 41% used [0x00000007c3340000,0x00000007c3692408,0x00000007c3b30000)
  to   space 8128K, 0% used [0x00000007c3b30000,0x00000007c3b30000,0x00000007c4320000)
 ParOldGen       total 130688K, used 16K [0x0000000740a00000, 0x00000007489a0000, 0x00000007c0360000)
  object space 130688K, 0% used [0x0000000740a00000,0x0000000740a04000,0x00000007489a0000)
 PSPermGen       total 21248K, used 16301K [0x000000073b800000, 0x000000073ccc0000, 0x0000000740a00000)
  object space 21248K, 76% used [0x000000073b800000,0x000000073c7eb690,0x000000073ccc0000)
Event: 11.636 GC heap after
Heap after GC invocations=4 (full 0):
 PSYoungGen      total 57152K, used 3337K [0x00000007c0360000, 0x00000007c4320000, 0x0000000800000000)
  eden space 49024K, 0% used [0x00000007c0360000,0x00000007c0360000,0x00000007c3340000)
  from space 8128K, 41% used [0x00000007c3b30000,0x00000007c3e72408,0x00000007c4320000)
  to   space 8128K, 0% used [0x00000007c3340000,0x00000007c3340000,0x00000007c3b30000)
 ParOldGen       total 130688K, used 16K [0x0000000740a00000, 0x00000007489a0000, 0x00000007c0360000)
  object space 130688K, 0% used [0x0000000740a00000,0x0000000740a04000,0x00000007489a0000)
 PSPermGen       total 21248K, used 16301K [0x000000073b800000, 0x000000073ccc0000, 0x0000000740a00000)
  object space 21248K, 76% used [0x000000073b800000,0x000000073c7eb690,0x000000073ccc0000)
}

Deoptimization events (10 events):
Event: 1.679 Thread 0x0000000010bdc800 Uncommon trap -83 fr.pc 0x00000000025bab14
Event: 1.923 Thread 0x0000000010bdc800 Uncommon trap -83 fr.pc 0x00000000025c1e30
Event: 4.195 Thread 0x0000000010bdc800 Uncommon trap -83 fr.pc 0x00000000026370e4
Event: 4.299 Thread 0x0000000010bdc800 Uncommon trap -83 fr.pc 0x00000000025ff7e8
Event: 5.884 Thread 0x0000000010bdc800 Uncommon trap -34 fr.pc 0x00000000026156bc
Event: 5.900 Thread 0x0000000010bdc800 Uncommon trap -34 fr.pc 0x00000000026156bc
Event: 5.917 Thread 0x0000000010bdc800 Uncommon trap -34 fr.pc 0x00000000026156bc
Event: 5.933 Thread 0x0000000010bdc800 Uncommon trap -34 fr.pc 0x00000000026156bc
Event: 6.365 Thread 0x0000000010bdc800 Uncommon trap -83 fr.pc 0x00000000025c2b78
Event: 9.162 Thread 0x0000000010bdc800 Uncommon trap -122 fr.pc 0x0000000002659748

Internal exceptions (10 events):
Event: 1.969 Thread 0x0000000010bdc800 Threw 0x00000007c172ef18 at C:\jdk7u2_64p\jdk7u15\hotspot\src\share\vm\prims\jvm.cpp:1166
Event: 1.970 Thread 0x0000000010bdc800 Threw 0x00000007c1733c58 at C:\jdk7u2_64p\jdk7u15\hotspot\src\share\vm\prims\jvm.cpp:1166
Event: 1.970 Thread 0x0000000010bdc800 Threw 0x00000007c1738648 at C:\jdk7u2_64p\jdk7u15\hotspot\src\share\vm\prims\jvm.cpp:1166
Event: 1.971 Thread 0x0000000010bdc800 Threw 0x00000007c173d260 at C:\jdk7u2_64p\jdk7u15\hotspot\src\share\vm\prims\jvm.cpp:1166
Event: 1.979 Thread 0x0000000010bdc800 Threw 0x00000007c1743ae0 at C:\jdk7u2_64p\jdk7u15\hotspot\src\share\vm\prims\jvm.cpp:1166
Event: 1.979 Thread 0x0000000010bdc800 Threw 0x00000007c1748858 at C:\jdk7u2_64p\jdk7u15\hotspot\src\share\vm\prims\jvm.cpp:1166
Event: 1.980 Thread 0x0000000010bdc800 Threw 0x00000007c174d618 at C:\jdk7u2_64p\jdk7u15\hotspot\src\share\vm\prims\jvm.cpp:1166
Event: 3.162 Thread 0x0000000010bdc800 Threw 0x00000007c2617c30 at C:\jdk7u2_64p\jdk7u15\hotspot\src\share\vm\prims\jvm.cpp:1166
Event: 3.818 Thread 0x0000000010bdc800 Threw 0x00000007c2fdc6a8 at C:\jdk7u2_64p\jdk7u15\hotspot\src\share\vm\prims\jvm.cpp:1166
Event: 3.828 Thread 0x0000000010bdc800 Threw 0x00000007c2fe7e28 at C:\jdk7u2_64p\jdk7u15\hotspot\src\share\vm\prims\jvm.cpp:1166

Events (10 events):
Event: 11.637 Executing VM operation: RevokeBias
Event: 11.637 Executing VM operation: RevokeBias done
Event: 11.637 Executing VM operation: RevokeBias
Event: 11.637 Executing VM operation: RevokeBias done
Event: 11.637 Executing VM operation: RevokeBias
Event: 11.637 Executing VM operation: RevokeBias done
Event: 11.637 Executing VM operation: RevokeBias
Event: 11.637 Executing VM operation: RevokeBias done
Event: 11.637 Executing VM operation: BulkRevokeBias
Event: 11.637 Executing VM operation: BulkRevokeBias done


Dynamic libraries:
0x000000013ffc0000 - 0x000000013fff3000 	C:\Program Files\Java\jre7\bin\javaw.exe
0x0000000077650000 - 0x00000000777f9000 	C:\Windows\SYSTEM32\ntdll.dll
0x0000000076f70000 - 0x000000007708f000 	C:\Windows\system32\kernel32.dll
0x000007fefddf0000 - 0x000007fefde5c000 	C:\Windows\system32\KERNELBASE.dll
0x000007fefe030000 - 0x000007fefe10b000 	C:\Windows\system32\ADVAPI32.dll
0x000007fefe5c0000 - 0x000007fefe65f000 	C:\Windows\system32\msvcrt.dll
0x000007fefdf00000 - 0x000007fefdf1f000 	C:\Windows\SYSTEM32\sechost.dll
0x000007fefe320000 - 0x000007fefe44d000 	C:\Windows\system32\RPCRT4.dll
0x0000000077550000 - 0x000000007764a000 	C:\Windows\system32\USER32.dll
0x000007feff5f0000 - 0x000007feff657000 	C:\Windows\system32\GDI32.dll
0x000007fefdf50000 - 0x000007fefdf5e000 	C:\Windows\system32\LPK.dll
0x000007fefdf60000 - 0x000007fefe029000 	C:\Windows\system32\USP10.dll
0x000007fefb8a0000 - 0x000007fefba94000 	C:\Windows\WinSxS\amd64_microsoft.windows.common-controls_6595b64144ccf1df_6.0.7601.17514_none_fa396087175ac9ac\COMCTL32.dll
0x000007feff660000 - 0x000007feff6d1000 	C:\Windows\system32\SHLWAPI.dll
0x000007fefdf20000 - 0x000007fefdf4e000 	C:\Windows\system32\IMM32.DLL
0x000007fefe750000 - 0x000007fefe859000 	C:\Windows\system32\MSCTF.dll
0x00000000603a0000 - 0x0000000060471000 	C:\Program Files\Java\jre7\bin\msvcr100.dll
0x000000005fc80000 - 0x000000006039f000 	C:\Program Files\Java\jre7\bin\server\jvm.dll
0x000007fef4330000 - 0x000007fef4339000 	C:\Windows\system32\WSOCK32.dll
0x000007fefe550000 - 0x000007fefe59d000 	C:\Windows\system32\WS2_32.dll
0x000007fefe740000 - 0x000007fefe748000 	C:\Windows\system32\NSI.dll
0x000007fefa670000 - 0x000007fefa6ab000 	C:\Windows\system32\WINMM.dll
0x0000000077820000 - 0x0000000077827000 	C:\Windows\system32\PSAPI.DLL
0x0000000070cf0000 - 0x0000000070cff000 	C:\Program Files\Java\jre7\bin\verify.dll
0x000000006ecb0000 - 0x000000006ecd8000 	C:\Program Files\Java\jre7\bin\java.dll
0x0000000070420000 - 0x0000000070435000 	C:\Program Files\Java\jre7\bin\zip.dll
0x0000000065580000 - 0x000000006560d000 	C:\Users\Underclocker\AppData\Local\Temp\libgdxUnderclocker\3722451631\gdx64.dll
0x0000000180000000 - 0x0000000180050000 	C:\Users\Underclocker\AppData\Local\Temp\libgdxUnderclocker\27538956\lwjgl64.dll
0x000007feeab60000 - 0x000007feeac7d000 	C:\Windows\system32\OPENGL32.dll
0x000007fefab70000 - 0x000007fefab9d000 	C:\Windows\system32\GLU32.dll
0x000007feea360000 - 0x000007feea451000 	C:\Windows\system32\DDRAW.dll
0x000007fefb530000 - 0x000007fefb538000 	C:\Windows\system32\DCIMAN32.dll
0x000007feff780000 - 0x000007feff957000 	C:\Windows\system32\SETUPAPI.dll
0x000007fefdba0000 - 0x000007fefdbd6000 	C:\Windows\system32\CFGMGR32.dll
0x000007fefe660000 - 0x000007fefe737000 	C:\Windows\system32\OLEAUT32.dll
0x000007fefe110000 - 0x000007fefe313000 	C:\Windows\system32\ole32.dll
0x000007fefde60000 - 0x000007fefde7a000 	C:\Windows\system32\DEVOBJ.dll
0x000007fefb0d0000 - 0x000007fefb0e8000 	C:\Windows\system32\dwmapi.dll
0x000007fefcba0000 - 0x000007fefcbac000 	C:\Windows\system32\VERSION.dll
0x0000000002210000 - 0x0000000002272000 	C:\Users\UNDERC~1\AppData\Local\Temp\libgdxUnderclocker\27538956\OpenAL64.dll
0x000007fefe860000 - 0x000007feff5e8000 	C:\Windows\system32\SHELL32.dll
0x000007fefd9e0000 - 0x000007fefd9ef000 	C:\Windows\system32\CRYPTBASE.dll
0x000007fefb4a0000 - 0x000007fefb4f6000 	C:\Windows\system32\uxtheme.dll
0x000007feff6e0000 - 0x000007feff779000 	C:\Windows\system32\CLBCatQ.DLL
0x000007fefc770000 - 0x000007fefc89c000 	C:\Windows\System32\PROPSYS.dll
0x000007fefdb60000 - 0x000007fefdb9a000 	C:\Windows\system32\WINTRUST.dll
0x000007fefdc80000 - 0x000007fefddea000 	C:\Windows\system32\CRYPT32.dll
0x000007fefdb50000 - 0x000007fefdb5f000 	C:\Windows\system32\MSASN1.dll
0x000007fef4370000 - 0x000007fef43f8000 	C:\Windows\system32\dsound.dll
0x000007fefc8a0000 - 0x000007fefc8cc000 	C:\Windows\system32\POWRPROF.dll
0x000007fefc9b0000 - 0x000007fefc9fb000 	C:\Windows\System32\MMDevApi.dll
0x000007fef3ce0000 - 0x000007fef3d2f000 	C:\Windows\system32\AUDIOSES.DLL
0x0000000059cf0000 - 0x000000005b627000 	C:\Windows\system32\nvoglv64.DLL
0x000007fefc740000 - 0x000007fefc76d000 	C:\Windows\system32\ntmarta.dll
0x000007fefe4f0000 - 0x000007fefe542000 	C:\Windows\system32\WLDAP32.dll
0x000007fefa6b0000 - 0x000007fefa74c000 	C:\Windows\system32\mscms.dll
0x000007fefcdb0000 - 0x000007fefcdce000 	C:\Windows\system32\USERENV.dll
0x000007fefdab0000 - 0x000007fefdabf000 	C:\Windows\system32\profapi.dll
0x000007fef69d0000 - 0x000007fef6a12000 	C:\Windows\system32\icm32.dll
0x000000005dad0000 - 0x000000005dc63000 	C:\Program Files\Java\jre7\bin\awt.dll
0x000007feea160000 - 0x000007feea35f000 	C:\Windows\system32\d3d9.dll
0x000007fefac20000 - 0x000007fefac27000 	C:\Windows\system32\d3d8thk.dll
0x000007fee6c00000 - 0x000007fee7d79000 	C:\Windows\system32\nvd3dumx.dll
0x000000005fc40000 - 0x000000005fc74000 	C:\Program Files\Java\jre7\bin\fontmanager.dll
0x000000006ecf0000 - 0x000000006ed09000 	C:\Program Files\Java\jre7\bin\net.dll
0x000007fefd320000 - 0x000007fefd375000 	C:\Windows\system32\mswsock.dll
0x000007fefd310000 - 0x000007fefd317000 	C:\Windows\System32\wship6.dll
0x000000006ec90000 - 0x000000006eca1000 	C:\Program Files\Java\jre7\bin\nio.dll
0x0000000060510000 - 0x0000000060551000 	C:\Program Files\Java\jre7\bin\t2k.dll
0x000007fef68a0000 - 0x000007fef69c5000 	C:\Windows\system32\dbghelp.dll

VM Arguments:
jvm_args: -Dfile.encoding=Cp1252 
java_command: org.siggd.Main
Launcher Type: SUN_STANDARD

Environment Variables:
PATH=C:\Program Files (x86)\NVIDIA Corporation\PhysX\Common;C:\Program Files (x86)\Intel\iCLS Client\;C:\Program Files\Intel\iCLS Client\;C:\Program Files\Common Files\Microsoft Shared\Windows Live;C:\Program Files (x86)\Common Files\Microsoft Shared\Windows Live;C:\Windows\system32;C:\Windows;C:\Windows\System32\Wbem;C:\Windows\System32\WindowsPowerShell\v1.0\;C:\Program Files (x86)\Windows Live\Shared;C:\Program Files\Intel\Intel(R) Management Engine Components\DAL;C:\Program Files\Intel\Intel(R) Management Engine Components\IPT;C:\Program Files (x86)\Intel\Intel(R) Management Engine Components\DAL;C:\Program Files (x86)\Intel\Intel(R) Management Engine Components\IPT;C:\Program Files (x86)\Java\jre7\bin\;C:\Program Files\TortoiseSVN\bin
USERNAME=Underclocker
OS=Windows_NT
PROCESSOR_IDENTIFIER=Intel64 Family 6 Model 58 Stepping 9, GenuineIntel



---------------  S Y S T E M  ---------------

OS: Windows 7 , 64 bit Build 7601 Service Pack 1

CPU:total 8 (4 cores per cpu, 2 threads per core) family 6 model 58 stepping 9, cmov, cx8, fxsr, mmx, sse, sse2, sse3, ssse3, sse4.1, sse4.2, popcnt, avx, ht, tsc, tscinvbit, tscinv

Memory: 4k page, physical 12541868k(8667672k free), swap 25081884k(20019808k free)

vm_info: Java HotSpot(TM) 64-Bit Server VM (23.7-b01) for windows-amd64 JRE (1.7.0_15-b03), built on Feb 15 2013 13:43:57 by "java_re" with unknown MS VC++:1600

time: Thu Mar 28 21:23:16 2013
elapsed time: 13 seconds

