#
# A fatal error has been detected by the Java Runtime Environment:
#
#  EXCEPTION_ACCESS_VIOLATION (0xc0000005) at pc=0x000000006b98b3a1, pid=5744, tid=5884
#
# JRE version: 6.0_24-b07
# Java VM: Java HotSpot(TM) 64-Bit Server VM (19.1-b02 mixed mode windows-amd64 compressed oops)
# Problematic frame:
# C  [gdx64.dll+0xb3a1]
#
# If you would like to submit a bug report, please visit:
#   http://java.sun.com/webapps/bugreport/crash.jsp
# The crash happened outside the Java Virtual Machine in native code.
# See problematic frame for where to report the bug.
#

---------------  T H R E A D  ---------------

Current thread (0x0000000006808800):  JavaThread "LWJGL Application" [_thread_in_native, id=5884, stack(0x0000000008730000,0x0000000008830000)]

siginfo: ExceptionCode=0xc0000005, reading address 0x0000000600000002

Registers:
RAX=0x0000000000000008, RBX=0x000000000cbe1790, RCX=0x000000000cbe1790, RDX=0x00000000000000b8
RSP=0x000000000882f3c0, RBP=0x0000000000000006, RSI=0x0000000600000002, RDI=0x00000000025a5a0e
R8=0x000000000cbe1790, R9=0x0000000000000002, R10=0x0000000000000000, R11=0x0000000000000001
R12=0x0000000000000000, R13=0x000000077be30a48, R14=0x000000000882f678, R15=0x0000000006808800
RIP=0x000000006b98b3a1, EFLAGS=0x0000000000010202

Register to memory mapping:

RAX=0x0000000000000008
0x0000000000000008 is pointing to unknown location

RBX=0x000000000cbe1790
0x000000000cbe1790 is pointing to unknown location

RCX=0x000000000cbe1790
0x000000000cbe1790 is pointing to unknown location

RDX=0x00000000000000b8
0x00000000000000b8 is pointing to unknown location

RSP=0x000000000882f3c0
0x000000000882f3c0 is pointing into the stack for thread: 0x0000000006808800
"LWJGL Application" prio=6 tid=0x0000000006808800 nid=0x16fc runnable [0x000000000882f000]
   java.lang.Thread.State: RUNNABLE

RBP=0x0000000000000006
0x0000000000000006 is pointing to unknown location

RSI=0x0000000600000002
0x0000000600000002 is pointing to unknown location

RDI=0x00000000025a5a0e
return entry points  [0x00000000025a51e0, 0x00000000025a67a0]  5568 bytes

R8 =0x000000000cbe1790
0x000000000cbe1790 is pointing to unknown location

R9 =0x0000000000000002
0x0000000000000002 is pointing to unknown location

R10=0x0000000000000000
0x0000000000000000 is pointing to unknown location

R11=0x0000000000000001
0x0000000000000001 is pointing to unknown location

R12=0x0000000000000000
0x0000000000000000 is pointing to unknown location

R13=0x000000077be30a48
{method} 
 - klass: {other class}

R14=0x000000000882f678
0x000000000882f678 is pointing into the stack for thread: 0x0000000006808800
"LWJGL Application" prio=6 tid=0x0000000006808800 nid=0x16fc runnable [0x000000000882f000]
   java.lang.Thread.State: RUNNABLE

R15=0x0000000006808800
"LWJGL Application" prio=6 tid=0x0000000006808800 nid=0x16fc runnable [0x000000000882f000]
   java.lang.Thread.State: RUNNABLE


Top of Stack: (sp=0x000000000882f3c0)
0x000000000882f3c0:   0000000000000013 000000000000000b
0x000000000882f3d0:   00000000025a0000 0000000006808800
0x000000000882f3e0:   00000000066b6768 000000000cbe1790
0x000000000882f3f0:   000000000882f490 00000000025a5a0e
0x000000000882f400:   000000000882f5d0 0000000000000000
0x000000000882f410:   000000077be30a48 000000006b9a185a
0x000000000882f420:   0000000000000012 0000000006808800
0x000000000882f430:   00000000066b6768 0000000100000012
0x000000000882f440:   0000000000000011 000000000882f5e8
0x000000000882f450:   000000000882f570 0000000000000001
0x000000000882f460:   00000000ef7bda4b 000000006b9aa947
0x000000000882f470:   0000000000000018 000000077be30a48
0x000000000882f480:   0000000000000000 00000000025a4f98
0x000000000882f490:   40c13dc100000002 00000000c06a210d
0x000000000882f4a0:   0000000000000000 3dcccccd00000000
0x000000000882f4b0:   0000010100000000 000000000882f601 

Instructions: (pc=0x000000006b98b3a1)
0x000000006b98b391:   8d 45 02 48 8b 34 c3 48 85 f6 0f 84 8c 00 00 00
0x000000006b98b3a1:   48 8b 16 48 89 14 c3 48 89 f0 48 8b 5c 24 28 48 


Stack: [0x0000000008730000,0x0000000008830000],  sp=0x000000000882f3c0,  free space=1020k
Native frames: (J=compiled Java code, j=interpreted, Vv=VM code, C=native code)
C  [gdx64.dll+0xb3a1]

Java frames: (J=compiled Java code, j=interpreted, Vv=VM code)
j  com.badlogic.gdx.physics.box2d.World.jniCreateBody(JIFFFFFFFFZZZZZF)J+0
j  com.badlogic.gdx.physics.box2d.World.createBody(Lcom/badlogic/gdx/physics/box2d/BodyDef;)Lcom/badlogic/gdx/physics/box2d/Body;+80
j  org.siggd.actor.Blob.transform()V+67
j  org.siggd.actor.Blob.keyDown(I)Z+23
j  com.badlogic.gdx.InputMultiplexer.keyDown(I)Z+27
j  com.badlogic.gdx.backends.lwjgl.LwjglInput.processEvents()V+98
j  com.badlogic.gdx.backends.lwjgl.LwjglApplication.mainLoop()V+444
j  com.badlogic.gdx.backends.lwjgl.LwjglApplication$1.run()V+27
v  ~StubRoutines::call_stub

---------------  P R O C E S S  ---------------

Java Threads: ( => current thread )
  0x000000000cb74000 JavaThread "TimerQueue" daemon [_thread_blocked, id=6004, stack(0x00000000125b0000,0x00000000126b0000)]
  0x000000000badd000 JavaThread "D3D Screen Updater" daemon [_thread_blocked, id=6000, stack(0x00000000118a0000,0x00000000119a0000)]
  0x000000000d295000 JavaThread "AssetManager-Loader-Thread" daemon [_thread_blocked, id=5996, stack(0x00000000117a0000,0x00000000118a0000)]
  0x000000000c9d9800 JavaThread "AWT-EventQueue-0" [_thread_blocked, id=5988, stack(0x00000000115a0000,0x00000000116a0000)]
  0x000000000ce52800 JavaThread "AWT-Windows" daemon [_thread_in_native, id=5900, stack(0x000000000e5b0000,0x000000000e6b0000)]
  0x000000000d498800 JavaThread "AWT-Shutdown" [_thread_blocked, id=5896, stack(0x000000000e4b0000,0x000000000e5b0000)]
  0x000000000ce32800 JavaThread "Java2D Disposer" daemon [_thread_blocked, id=5892, stack(0x000000000aac0000,0x000000000abc0000)]
  0x000000000055c800 JavaThread "DestroyJavaVM" [_thread_blocked, id=5776, stack(0x00000000024a0000,0x00000000025a0000)]
=>0x0000000006808800 JavaThread "LWJGL Application" [_thread_in_native, id=5884, stack(0x0000000008730000,0x0000000008830000)]
  0x00000000066bf000 JavaThread "Low Memory Detector" daemon [_thread_blocked, id=5844, stack(0x0000000007790000,0x0000000007890000)]
  0x00000000066b4000 JavaThread "CompilerThread1" daemon [_thread_blocked, id=5840, stack(0x0000000007690000,0x0000000007790000)]
  0x000000000669f000 JavaThread "CompilerThread0" daemon [_thread_blocked, id=5836, stack(0x0000000007590000,0x0000000007690000)]
  0x000000000669e000 JavaThread "Attach Listener" daemon [_thread_blocked, id=5832, stack(0x0000000007490000,0x0000000007590000)]
  0x000000000669d800 JavaThread "Signal Dispatcher" daemon [_thread_blocked, id=5828, stack(0x0000000007390000,0x0000000007490000)]
  0x000000000664d000 JavaThread "Finalizer" daemon [_thread_blocked, id=5824, stack(0x0000000007290000,0x0000000007390000)]
  0x0000000006646800 JavaThread "Reference Handler" daemon [_thread_blocked, id=5820, stack(0x0000000007190000,0x0000000007290000)]

Other Threads:
  0x000000000663d000 VMThread [stack: 0x0000000007090000,0x0000000007190000] [id=5812]
  0x00000000066d8800 WatcherThread [stack: 0x0000000007890000,0x0000000007990000] [id=5848]

VM state:not at safepoint (normal execution)

VM Mutex/Monitor currently owned by a thread: None

Heap
 PSYoungGen      total 38080K, used 9080K [0x00000007d58b0000, 0x00000007d8320000, 0x0000000800000000)
  eden space 32704K, 11% used [0x00000007d58b0000,0x00000007d5c52b58,0x00000007d78a0000)
  from space 5376K, 99% used [0x00000007d7de0000,0x00000007d831b4c0,0x00000007d8320000)
  to   space 5376K, 0% used [0x00000007d78a0000,0x00000007d78a0000,0x00000007d7de0000)
 PSOldGen        total 86976K, used 592K [0x0000000780a00000, 0x0000000785ef0000, 0x00000007d58b0000)
  object space 86976K, 0% used [0x0000000780a00000,0x0000000780a94000,0x0000000785ef0000)
 PSPermGen       total 21248K, used 18239K [0x000000077b800000, 0x000000077ccc0000, 0x0000000780a00000)
  object space 21248K, 85% used [0x000000077b800000,0x000000077c9cff98,0x000000077ccc0000)

Dynamic libraries:
0x0000000000400000 - 0x000000000042e000 	C:\Program Files\Java\jre6\bin\javaw.exe
0x0000000076f90000 - 0x0000000077139000 	C:\Windows\SYSTEM32\ntdll.dll
0x00000000768b0000 - 0x00000000769cf000 	C:\Windows\system32\kernel32.dll
0x000007fefd750000 - 0x000007fefd7bb000 	C:\Windows\system32\KERNELBASE.dll
0x000007feff1c0000 - 0x000007feff29b000 	C:\Windows\system32\ADVAPI32.dll
0x000007fefec30000 - 0x000007fefeccf000 	C:\Windows\system32\msvcrt.dll
0x000007fefed70000 - 0x000007fefed8f000 	C:\Windows\SYSTEM32\sechost.dll
0x000007fefeeb0000 - 0x000007fefefdd000 	C:\Windows\system32\RPCRT4.dll
0x00000000769d0000 - 0x0000000076aca000 	C:\Windows\system32\USER32.dll
0x000007fefea80000 - 0x000007fefeae7000 	C:\Windows\system32\GDI32.dll
0x000007fefed90000 - 0x000007fefed9e000 	C:\Windows\system32\LPK.dll
0x000007fefd840000 - 0x000007fefd909000 	C:\Windows\system32\USP10.dll
0x000007fefd7c0000 - 0x000007fefd7ee000 	C:\Windows\system32\IMM32.DLL
0x000007fefeda0000 - 0x000007fefeea9000 	C:\Windows\system32\MSCTF.dll
0x000000006d7f0000 - 0x000000006def4000 	C:\Program Files\Java\jre6\bin\server\jvm.dll
0x000007fef99b0000 - 0x000007fef99eb000 	C:\Windows\system32\WINMM.dll
0x000000006d760000 - 0x000000006d76e000 	C:\Program Files\Java\jre6\bin\verify.dll
0x000000006d3b0000 - 0x000000006d3d7000 	C:\Program Files\Java\jre6\bin\java.dll
0x000000006d310000 - 0x000000006d31a000 	C:\Program Files\Java\jre6\bin\hpi.dll
0x0000000077160000 - 0x0000000077167000 	C:\Windows\system32\PSAPI.DLL
0x000000006d7b0000 - 0x000000006d7c2000 	C:\Program Files\Java\jre6\bin\zip.dll
0x000000006b980000 - 0x000000006ba52000 	C:\Users\bpietrz\AppData\Local\Temp\libgdxbpietrz\553733341\gdx64.dll
0x0000000180000000 - 0x000000018004f000 	C:\Users\bpietrz\AppData\Local\Temp\libgdxbpietrz\553733341\lwjgl64.dll
0x000007fef51f0000 - 0x000007fef530d000 	C:\Windows\system32\OPENGL32.dll
0x000007fef5f80000 - 0x000007fef5fad000 	C:\Windows\system32\GLU32.dll
0x000007fef5670000 - 0x000007fef5761000 	C:\Windows\system32\DDRAW.dll
0x000007fef92f0000 - 0x000007fef92f8000 	C:\Windows\system32\DCIMAN32.dll
0x000007fefefe0000 - 0x000007feff1b7000 	C:\Windows\system32\SETUPAPI.dll
0x000007fefd4a0000 - 0x000007fefd4d6000 	C:\Windows\system32\CFGMGR32.dll
0x000007fefeaf0000 - 0x000007fefebc7000 	C:\Windows\system32\OLEAUT32.dll
0x000007fefd9c0000 - 0x000007fefdbc3000 	C:\Windows\system32\ole32.dll
0x000007fefd4e0000 - 0x000007fefd4fa000 	C:\Windows\system32\DEVOBJ.dll
0x000007fef99f0000 - 0x000007fef9a08000 	C:\Windows\system32\dwmapi.dll
0x000007fefc370000 - 0x000007fefc37c000 	C:\Windows\system32\VERSION.dll
0x000007fefbd50000 - 0x000007fefbf44000 	C:\Windows\WinSxS\amd64_microsoft.windows.common-controls_6595b64144ccf1df_6.0.7601.17514_none_fa396087175ac9ac\COMCTL32.dll
0x000007fefea00000 - 0x000007fefea71000 	C:\Windows\system32\SHLWAPI.dll
0x0000000006590000 - 0x00000000065ec000 	C:\Users\bpietrz\AppData\Local\Temp\libgdxbpietrz\553733341\OpenAL64.dll
0x000007fefdbd0000 - 0x000007fefe958000 	C:\Windows\system32\SHELL32.dll
0x000007fefd2e0000 - 0x000007fefd2ef000 	C:\Windows\system32\CRYPTBASE.dll
0x000007fefd910000 - 0x000007fefd9a9000 	C:\Windows\system32\CLBCatQ.DLL
0x000007fefb4a0000 - 0x000007fefb5cc000 	C:\Windows\System32\PROPSYS.dll
0x000007fefd5a0000 - 0x000007fefd5d9000 	C:\Windows\system32\WINTRUST.dll
0x000007fefd5e0000 - 0x000007fefd74a000 	C:\Windows\system32\CRYPT32.dll
0x000007fefd490000 - 0x000007fefd49f000 	C:\Windows\system32\MSASN1.dll
0x000007fef55e0000 - 0x000007fef5668000 	C:\Windows\system32\dsound.dll
0x000007fefb910000 - 0x000007fefb93c000 	C:\Windows\system32\POWRPROF.dll
0x000007fefb5d0000 - 0x000007fefb61b000 	C:\Windows\System32\MMDevApi.dll
0x000007fef9920000 - 0x000007fef996f000 	C:\Windows\system32\AUDIOSES.DLL
0x000007fef7f80000 - 0x000007fef7f88000 	C:\Windows\system32\atig6pxx.dll
0x0000000069030000 - 0x000000006a67b000 	C:\Windows\system32\atio6axx.dll
0x000007fef7f70000 - 0x000007fef7f7e000 	C:\Windows\system32\atig6txx.dll
0x0000000074380000 - 0x0000000074448000 	C:\Windows\system32\aticfx64.dll
0x0000000008830000 - 0x000000000888d000 	C:\Windows\system32\atiadlxx.dll
0x000007fefc6d0000 - 0x000007fefc6ee000 	C:\Windows\system32\USERENV.dll
0x000007fefd3f0000 - 0x000007fefd3ff000 	C:\Windows\system32\profapi.dll
0x000007fefc350000 - 0x000007fefc361000 	C:\Windows\system32\WTSAPI32.dll
0x000007fef4970000 - 0x000007fef4a0c000 	C:\Windows\system32\mscms.dll
0x000007fef51a0000 - 0x000007fef51e2000 	C:\Windows\system32\icm32.dll
0x000000006d000000 - 0x000000006d1c3000 	C:\Program Files\Java\jre6\bin\awt.dll
0x000007fef8690000 - 0x000007fef8701000 	C:\Windows\system32\WINSPOOL.DRV
0x000000006d2a0000 - 0x000000006d306000 	C:\Program Files\Java\jre6\bin\fontmanager.dll
0x000007fef4020000 - 0x000007fef421f000 	C:\Windows\system32\d3d9.dll
0x000007fef7f20000 - 0x000007fef7f27000 	C:\Windows\system32\d3d8thk.dll
0x000007fef7f10000 - 0x000007fef7f1d000 	C:\Windows\system32\atiu9p64.dll
0x000000006e930000 - 0x000000006ee69000 	C:\Windows\system32\atiumd64.dll
0x000000006e560000 - 0x000000006e92a000 	C:\Windows\system32\atiumd6a.dll
0x000000006d600000 - 0x000000006d617000 	C:\Program Files\Java\jre6\bin\net.dll
0x000007fefd7f0000 - 0x000007fefd83d000 	C:\Windows\system32\WS2_32.dll
0x000007fefd9b0000 - 0x000007fefd9b8000 	C:\Windows\system32\NSI.dll
0x000007fefcc20000 - 0x000007fefcc75000 	C:\Windows\system32\mswsock.dll
0x000007fefcc10000 - 0x000007fefcc17000 	C:\Windows\System32\wship6.dll
0x000000006d620000 - 0x000000006d62b000 	C:\Program Files\Java\jre6\bin\nio.dll

VM Arguments:
jvm_args: -Dfile.encoding=Cp1252 
java_command: org.siggd.Main
Launcher Type: SUN_STANDARD

Environment Variables:
CLASSPATH=.;C:\Program Files (x86)\Java\jre6\lib\ext\QTJava.zip
PATH=C:\Program Files (x86)\MiKTeX 2.9\miktex\bin;C:\Program Files\Common Files\Microsoft Shared\Windows Live;C:\Program Files (x86)\Common Files\Microsoft Shared\Windows Live;C:\Windows\system32;C:\Windows;C:\Windows\System32\Wbem;C:\Windows\System32\WindowsPowerShell\v1.0\;C:\Program Files\VanDyke Software\Clients\;C:\Program Files (x86)\QuickTime\QTSystem\;C:\Program Files (x86)\Windows Live\Shared;C:\Program Files (x86)\NVIDIA Corporation\Cg\bin;C:\Program Files (x86)\NVIDIA Corporation\Cg\bin.x64;C:\Program Files (x86)\Microchip\MPLAB C32 Suite\bin;C:\Program Files\Microsoft Windows Performance Toolkit\;c:\Program Files (x86)\Microsoft SQL Server\100\Tools\Binn\;c:\Program Files\Microsoft SQL Server\100\Tools\Binn\;c:\Program Files\Microsoft SQL Server\100\DTS\Binn\;C:\Program Files\MATLAB\R2011a\runtime\win64;C:\Program Files\MATLAB\R2011a\bin;C:\Program Files\TortoiseSVN\bin;C:\Program Files\System Center Operations Manager 2007\
USERNAME=bpietrz
OS=Windows_NT
PROCESSOR_IDENTIFIER=Intel64 Family 6 Model 42 Stepping 7, GenuineIntel



---------------  S Y S T E M  ---------------

OS: Windows 7 Build 7601 Service Pack 1

CPU:total 8 (4 cores per cpu, 2 threads per core) family 6 model 42 stepping 7, cmov, cx8, fxsr, mmx, sse, sse2, sse3, ssse3, sse4.1, sse4.2, popcnt, ht

Memory: 4k page, physical 8344508k(3526784k free), swap 16687164k(11210236k free)

vm_info: Java HotSpot(TM) 64-Bit Server VM (19.1-b02) for windows-amd64 JRE (1.6.0_24-b07), built on Feb  2 2011 16:25:45 by "java_re" with MS VC++ 8.0 (VS2005)

time: Wed Feb 13 14:43:46 2013
elapsed time: 159 seconds

