#
# A fatal error has been detected by the Java Runtime Environment:
#
#  EXCEPTION_ACCESS_VIOLATION (0xc0000005) at pc=0x0000000000000000, pid=2232, tid=6040
#
# JRE version: 7.0_15-b03
# Java VM: Java HotSpot(TM) 64-Bit Server VM (23.7-b01 mixed mode windows-amd64 compressed oops)
# Problematic frame:
# C  0x0000000000000000
#
# Failed to write core dump. Minidumps are not enabled by default on client versions of Windows
#
# If you would like to submit a bug report, please visit:
#   http://bugreport.sun.com/bugreport/crash.jsp
# The crash happened outside the Java Virtual Machine in native code.
# See problematic frame for where to report the bug.
#

---------------  T H R E A D  ---------------

Current thread (0x0000000010974000):  JavaThread "LWJGL Application" [_thread_in_native, id=6040, stack(0x00000000123b0000,0x00000000124b0000)]

siginfo: ExceptionCode=0xc0000005, ExceptionInformation=0x0000000000000008 0x0000000000000000

Registers:
RAX=0x0000000018de7550, RBX=0x0000000018de72d0, RCX=0x0000000018de72d0, RDX=0x00000000002dd040
RSP=0x00000000124aeef8, RBP=0x0000000018ded140, RSI=0x00000000002dd040, RDI=0x00000000002dd040
R8 =0x00000000002dd040, R9 =0x0000000018de72d0, R10=0x000000000249237c, R11=0x000000005fe41f50
R12=0x0000000000000000, R13=0x000000073bda8310, R14=0x00000000124af058, R15=0x0000000010974000
RIP=0x0000000000000000, EFLAGS=0x0000000000010206

Top of Stack: (sp=0x00000000124aeef8)
0x00000000124aeef8:   0000000065593692 00000000124af028
0x00000000124aef08:   00000000124aefd0 00000000107255b8
0x00000000124aef18:   00000000107255c8 00000000107255d0
0x00000000124aef28:   0000000018de72d0 0000000018dd0140
0x00000000124aef38:   00000000655a0b23 00000000000000b6
0x00000000124aef48:   0000000010725598 0000000000000000
0x00000000124aef58:   0000000000000400 000000073bda8310
0x00000000124aef68:   0000000000000001 0000000000000000
0x00000000124aef78:   00000000124af018 0000000000000000
0x00000000124aef88:   00000000024923a8 0000000000000000
0x00000000124aef98:   00000000124aefd0 00000000124af028
0x00000000124aefa8:   00000000024863d3 0000000000000000
0x00000000124aefb8:   0000000000000400 0000000000000400
0x00000000124aefc8:   00000007c3c5e210 00000000124af038
0x00000000124aefd8:   00000000124aefd8 0000000000000000
0x00000000124aefe8:   00000000124af058 000000073bdba2d0 

Instructions: (pc=0x0000000000000000)
0xffffffffffffffe0:   


Register to memory mapping:

RAX=0x0000000018de7550 is an unknown value
RBX=0x0000000018de72d0 is an unknown value
RCX=0x0000000018de72d0 is an unknown value
RDX=0x00000000002dd040 is an unknown value
RSP=0x00000000124aeef8 is pointing into the stack for thread: 0x0000000010974000
RBP=0x0000000018ded140 is an unknown value
RSI=0x00000000002dd040 is an unknown value
RDI=0x00000000002dd040 is an unknown value
R8 =0x00000000002dd040 is an unknown value
R9 =0x0000000018de72d0 is an unknown value
R10=0x000000000249237c is an Interpreter codelet
method entry point (kind = native)  [0x0000000002492100, 0x0000000002492980]  2176 bytes
R11=0x000000005fe41f50 is an unknown value
R12=0x0000000000000000 is an unknown value
R13=0x000000073bda8310 is an oop
{method} 
 - klass: {other class}
R14=0x00000000124af058 is pointing into the stack for thread: 0x0000000010974000
R15=0x0000000010974000 is a thread


Stack: [0x00000000123b0000,0x00000000124b0000],  sp=0x00000000124aeef8,  free space=1019k
Java frames: (J=compiled Java code, j=interpreted, Vv=VM code)
j  com.badlogic.gdx.physics.box2d.World.jniDestroyJoint(JJ)V+0
j  com.badlogic.gdx.physics.box2d.World.destroyJoint(Lcom/badlogic/gdx/physics/box2d/Joint;)V+57
j  org.siggd.actor.Blob.transform()V+1208
j  org.siggd.actor.Blob.keyDown(I)Z+141
j  com.badlogic.gdx.InputMultiplexer.keyDown(I)Z+27
j  com.badlogic.gdx.backends.lwjgl.LwjglInput.processEvents()V+98
j  com.badlogic.gdx.backends.lwjgl.LwjglApplication.mainLoop()V+459
j  com.badlogic.gdx.backends.lwjgl.LwjglApplication$1.run()V+27
v  ~StubRoutines::call_stub

---------------  P R O C E S S  ---------------

Java Threads: ( => current thread )
  0x0000000015693000 JavaThread "LWJGL Timer" daemon [_thread_blocked, id=2304, stack(0x00000000193e0000,0x00000000194e0000)]
  0x0000000015690800 JavaThread "TimerQueue" daemon [_thread_blocked, id=4476, stack(0x0000000019140000,0x0000000019240000)]
  0x0000000015629800 JavaThread "D3D Screen Updater" daemon [_thread_blocked, id=1444, stack(0x0000000018cd0000,0x0000000018dd0000)]
  0x000000001561c800 JavaThread "AssetManager-Loader-Thread" daemon [_thread_blocked, id=3456, stack(0x0000000018b70000,0x0000000018c70000)]
  0x0000000014f38800 JavaThread "AWT-EventQueue-0" [_thread_blocked, id=2592, stack(0x0000000017fd0000,0x00000000180d0000)]
  0x0000000014fdc800 JavaThread "AWT-Windows" daemon [_thread_in_native, id=1624, stack(0x0000000016900000,0x0000000016a00000)]
  0x0000000014fdb800 JavaThread "AWT-Shutdown" [_thread_blocked, id=5376, stack(0x00000000166e0000,0x00000000167e0000)]
  0x0000000014fdb000 JavaThread "Java2D Disposer" daemon [_thread_blocked, id=3676, stack(0x00000000165e0000,0x00000000166e0000)]
  0x000000000226d000 JavaThread "DestroyJavaVM" [_thread_blocked, id=5644, stack(0x00000000022e0000,0x00000000023e0000)]
=>0x0000000010974000 JavaThread "LWJGL Application" [_thread_in_native, id=6040, stack(0x00000000123b0000,0x00000000124b0000)]
  0x0000000010728800 JavaThread "Service Thread" daemon [_thread_blocked, id=2328, stack(0x0000000011250000,0x0000000011350000)]
  0x0000000010723800 JavaThread "C2 CompilerThread1" daemon [_thread_blocked, id=4352, stack(0x0000000011020000,0x0000000011120000)]
  0x000000001070f000 JavaThread "C2 CompilerThread0" daemon [_thread_blocked, id=3452, stack(0x0000000010d20000,0x0000000010e20000)]
  0x000000001070e000 JavaThread "Attach Listener" daemon [_thread_blocked, id=1604, stack(0x0000000010e70000,0x0000000010f70000)]
  0x000000001070d000 JavaThread "Signal Dispatcher" daemon [_thread_blocked, id=4844, stack(0x0000000010bf0000,0x0000000010cf0000)]
  0x000000000e90a000 JavaThread "Finalizer" daemon [_thread_blocked, id=4532, stack(0x00000000105c0000,0x00000000106c0000)]
  0x000000000e902000 JavaThread "Reference Handler" daemon [_thread_blocked, id=5872, stack(0x0000000010410000,0x0000000010510000)]

Other Threads:
  0x000000000e8f8800 VMThread [stack: 0x0000000010300000,0x0000000010400000] [id=984]
  0x0000000010743000 WatcherThread [stack: 0x0000000011360000,0x0000000011460000] [id=732]

VM state:not at safepoint (normal execution)

VM Mutex/Monitor currently owned by a thread: None

Heap
 PSYoungGen      total 57152K, used 32942K [0x00000007c0360000, 0x00000007c4320000, 0x0000000800000000)
  eden space 49024K, 60% used [0x00000007c0360000,0x00000007c203d750,0x00000007c3340000)
  from space 8128K, 41% used [0x00000007c3b30000,0x00000007c3e7e270,0x00000007c4320000)
  to   space 8128K, 0% used [0x00000007c3340000,0x00000007c3340000,0x00000007c3b30000)
 ParOldGen       total 130688K, used 16K [0x0000000740a00000, 0x00000007489a0000, 0x00000007c0360000)
  object space 130688K, 0% used [0x0000000740a00000,0x0000000740a04000,0x00000007489a0000)
 PSPermGen       total 21248K, used 16362K [0x000000073b800000, 0x000000073ccc0000, 0x0000000740a00000)
  object space 21248K, 77% used [0x000000073b800000,0x000000073c7fab60,0x000000073ccc0000)

Card table byte_map: [0x0000000005480000,0x0000000005ab0000] byte_map_base: 0x0000000001aa4000

Polling page: 0x0000000000320000

Code Cache  [0x0000000002480000, 0x00000000026f0000, 0x0000000005480000)
 total_blobs=1026 nmethods=438 adapters=539 free_code_cache=47565Kb largest_free_block=48657408

Compilation events (10 events):
Event: 12.389 Thread 0x0000000010723800  438             com.badlogic.gdx.backends.lwjgl.LwjglGL10::glMatrixMode (5 bytes)
Event: 12.389 Thread 0x000000001070f000  439             org.lwjgl.opengl.GL11::glMatrixMode (19 bytes)
Event: 12.390 Thread 0x000000001070f000 nmethod 439 0x000000000260fe50 code [0x000000000260ffa0, 0x0000000002610088]
Event: 12.390 Thread 0x0000000010723800 nmethod 438 0x000000000260fa50 code [0x000000000260fba0, 0x000000000260fca8]
Event: 12.650 Thread 0x000000001070f000  441             com.badlogic.gdx.graphics.Texture::getWidth (10 bytes)
Event: 12.650 Thread 0x000000001070f000 nmethod 441 0x0000000002594490 code [0x00000000025945e0, 0x0000000002594678]
Event: 12.700 Thread 0x0000000010723800  442             com.badlogic.gdx.graphics.Texture::getHeight (10 bytes)
Event: 12.700 Thread 0x0000000010723800 nmethod 442 0x0000000002594210 code [0x0000000002594360, 0x00000000025943f8]
Event: 13.534 Thread 0x000000001070f000  444             org.siggd.Level::getProp (158 bytes)
Event: 13.562 Thread 0x000000001070f000 nmethod 444 0x0000000002615c10 code [0x0000000002615f00, 0x0000000002617b70]

GC Heap History (8 events):
Event: 1.059 GC heap before
{Heap before GC invocations=1 (full 0):
 PSYoungGen      total 57152K, used 37349K [0x00000007c0360000, 0x00000007c4320000, 0x0000000800000000)
  eden space 49024K, 76% used [0x00000007c0360000,0x00000007c27d9708,0x00000007c3340000)
  from space 8128K, 0% used [0x00000007c3b30000,0x00000007c3b30000,0x00000007c4320000)
  to   space 8128K, 0% used [0x00000007c3340000,0x00000007c3340000,0x00000007c3b30000)
 ParOldGen       total 130688K, used 0K [0x0000000740a00000, 0x00000007489a0000, 0x00000007c0360000)
  object space 130688K, 0% used [0x0000000740a00000,0x0000000740a00000,0x00000007489a0000)
 PSPermGen       total 21248K, used 15719K [0x000000073b800000, 0x000000073ccc0000, 0x0000000740a00000)
  object space 21248K, 73% used [0x000000073b800000,0x000000073c759e38,0x000000073ccc0000)
Event: 1.067 GC heap after
Heap after GC invocations=1 (full 0):
 PSYoungGen      total 57152K, used 5855K [0x00000007c0360000, 0x00000007c4320000, 0x0000000800000000)
  eden space 49024K, 0% used [0x00000007c0360000,0x00000007c0360000,0x00000007c3340000)
  from space 8128K, 72% used [0x00000007c3340000,0x00000007c38f7e58,0x00000007c3b30000)
  to   space 8128K, 0% used [0x00000007c3b30000,0x00000007c3b30000,0x00000007c4320000)
 ParOldGen       total 130688K, used 8K [0x0000000740a00000, 0x00000007489a0000, 0x00000007c0360000)
  object space 130688K, 0% used [0x0000000740a00000,0x0000000740a02000,0x00000007489a0000)
 PSPermGen       total 21248K, used 15719K [0x000000073b800000, 0x000000073ccc0000, 0x0000000740a00000)
  object space 21248K, 73% used [0x000000073b800000,0x000000073c759e38,0x000000073ccc0000)
}
Event: 4.017 GC heap before
{Heap before GC invocations=2 (full 0):
 PSYoungGen      total 57152K, used 54879K [0x00000007c0360000, 0x00000007c4320000, 0x0000000800000000)
  eden space 49024K, 100% used [0x00000007c0360000,0x00000007c3340000,0x00000007c3340000)
  from space 8128K, 72% used [0x00000007c3340000,0x00000007c38f7e58,0x00000007c3b30000)
  to   space 8128K, 0% used [0x00000007c3b30000,0x00000007c3b30000,0x00000007c4320000)
 ParOldGen       total 130688K, used 8K [0x0000000740a00000, 0x00000007489a0000, 0x00000007c0360000)
  object space 130688K, 0% used [0x0000000740a00000,0x0000000740a02000,0x00000007489a0000)
 PSPermGen       total 21248K, used 16268K [0x000000073b800000, 0x000000073ccc0000, 0x0000000740a00000)
  object space 21248K, 76% used [0x000000073b800000,0x000000073c7e33e8,0x000000073ccc0000)
Event: 4.022 GC heap after
Heap after GC invocations=2 (full 0):
 PSYoungGen      total 57152K, used 3368K [0x00000007c0360000, 0x00000007c4320000, 0x0000000800000000)
  eden space 49024K, 0% used [0x00000007c0360000,0x00000007c0360000,0x00000007c3340000)
  from space 8128K, 41% used [0x00000007c3b30000,0x00000007c3e7a280,0x00000007c4320000)
  to   space 8128K, 0% used [0x00000007c3340000,0x00000007c3340000,0x00000007c3b30000)
 ParOldGen       total 130688K, used 16K [0x0000000740a00000, 0x00000007489a0000, 0x00000007c0360000)
  object space 130688K, 0% used [0x0000000740a00000,0x0000000740a04000,0x00000007489a0000)
 PSPermGen       total 21248K, used 16268K [0x000000073b800000, 0x000000073ccc0000, 0x0000000740a00000)
  object space 21248K, 76% used [0x000000073b800000,0x000000073c7e33e8,0x000000073ccc0000)
}
Event: 7.766 GC heap before
{Heap before GC invocations=3 (full 0):
 PSYoungGen      total 57152K, used 52392K [0x00000007c0360000, 0x00000007c4320000, 0x0000000800000000)
  eden space 49024K, 100% used [0x00000007c0360000,0x00000007c3340000,0x00000007c3340000)
  from space 8128K, 41% used [0x00000007c3b30000,0x00000007c3e7a280,0x00000007c4320000)
  to   space 8128K, 0% used [0x00000007c3340000,0x00000007c3340000,0x00000007c3b30000)
 ParOldGen       total 130688K, used 16K [0x0000000740a00000, 0x00000007489a0000, 0x00000007c0360000)
  object space 130688K, 0% used [0x0000000740a00000,0x0000000740a04000,0x00000007489a0000)
 PSPermGen       total 21248K, used 16323K [0x000000073b800000, 0x000000073ccc0000, 0x0000000740a00000)
  object space 21248K, 76% used [0x000000073b800000,0x000000073c7f0db8,0x000000073ccc0000)
Event: 7.770 GC heap after
Heap after GC invocations=3 (full 0):
 PSYoungGen      total 57152K, used 3336K [0x00000007c0360000, 0x00000007c4320000, 0x0000000800000000)
  eden space 49024K, 0% used [0x00000007c0360000,0x00000007c0360000,0x00000007c3340000)
  from space 8128K, 41% used [0x00000007c3340000,0x00000007c3682300,0x00000007c3b30000)
  to   space 8128K, 0% used [0x00000007c3b30000,0x00000007c3b30000,0x00000007c4320000)
 ParOldGen       total 130688K, used 16K [0x0000000740a00000, 0x00000007489a0000, 0x00000007c0360000)
  object space 130688K, 0% used [0x0000000740a00000,0x0000000740a04000,0x00000007489a0000)
 PSPermGen       total 21248K, used 16323K [0x000000073b800000, 0x000000073ccc0000, 0x0000000740a00000)
  object space 21248K, 76% used [0x000000073b800000,0x000000073c7f0db8,0x000000073ccc0000)
}
Event: 11.619 GC heap before
{Heap before GC invocations=4 (full 0):
 PSYoungGen      total 57152K, used 52360K [0x00000007c0360000, 0x00000007c4320000, 0x0000000800000000)
  eden space 49024K, 100% used [0x00000007c0360000,0x00000007c3340000,0x00000007c3340000)
  from space 8128K, 41% used [0x00000007c3340000,0x00000007c3682300,0x00000007c3b30000)
  to   space 8128K, 0% used [0x00000007c3b30000,0x00000007c3b30000,0x00000007c4320000)
 ParOldGen       total 130688K, used 16K [0x0000000740a00000, 0x00000007489a0000, 0x00000007c0360000)
  object space 130688K, 0% used [0x0000000740a00000,0x0000000740a04000,0x00000007489a0000)
 PSPermGen       total 21248K, used 16350K [0x000000073b800000, 0x000000073ccc0000, 0x0000000740a00000)
  object space 21248K, 76% used [0x000000073b800000,0x000000073c7f7bb8,0x000000073ccc0000)
Event: 11.624 GC heap after
Heap after GC invocations=4 (full 0):
 PSYoungGen      total 57152K, used 3384K [0x00000007c0360000, 0x00000007c4320000, 0x0000000800000000)
  eden space 49024K, 0% used [0x00000007c0360000,0x00000007c0360000,0x00000007c3340000)
  from space 8128K, 41% used [0x00000007c3b30000,0x00000007c3e7e270,0x00000007c4320000)
  to   space 8128K, 0% used [0x00000007c3340000,0x00000007c3340000,0x00000007c3b30000)
 ParOldGen       total 130688K, used 16K [0x0000000740a00000, 0x00000007489a0000, 0x00000007c0360000)
  object space 130688K, 0% used [0x0000000740a00000,0x0000000740a04000,0x00000007489a0000)
 PSPermGen       total 21248K, used 16350K [0x000000073b800000, 0x000000073ccc0000, 0x0000000740a00000)
  object space 21248K, 76% used [0x000000073b800000,0x000000073c7f7bb8,0x000000073ccc0000)
}

Deoptimization events (10 events):
Event: 1.672 Thread 0x0000000010974000 Uncommon trap -83 fr.pc 0x0000000002553d70
Event: 1.910 Thread 0x0000000010974000 Uncommon trap -83 fr.pc 0x0000000002564470
Event: 3.881 Thread 0x0000000010974000 Uncommon trap -83 fr.pc 0x00000000025cf324
Event: 3.984 Thread 0x0000000010974000 Uncommon trap -83 fr.pc 0x0000000002594724
Event: 4.514 Thread 0x0000000010974000 Uncommon trap -83 fr.pc 0x00000000025e7a10
Event: 6.903 Thread 0x0000000010974000 Uncommon trap -34 fr.pc 0x00000000025b963c
Event: 6.918 Thread 0x0000000010974000 Uncommon trap -34 fr.pc 0x00000000025b963c
Event: 6.935 Thread 0x0000000010974000 Uncommon trap -34 fr.pc 0x00000000025b963c
Event: 6.952 Thread 0x0000000010974000 Uncommon trap -34 fr.pc 0x00000000025b963c
Event: 12.684 Thread 0x0000000010974000 Uncommon trap -122 fr.pc 0x0000000002564508

Internal exceptions (10 events):
Event: 1.952 Thread 0x0000000010974000 Threw 0x00000007c17a19b0 at C:\jdk7u2_64p\jdk7u15\hotspot\src\share\vm\prims\jvm.cpp:1166
Event: 1.952 Thread 0x0000000010974000 Threw 0x00000007c17a66f0 at C:\jdk7u2_64p\jdk7u15\hotspot\src\share\vm\prims\jvm.cpp:1166
Event: 1.953 Thread 0x0000000010974000 Threw 0x00000007c17ab0e0 at C:\jdk7u2_64p\jdk7u15\hotspot\src\share\vm\prims\jvm.cpp:1166
Event: 1.953 Thread 0x0000000010974000 Threw 0x00000007c17afcf8 at C:\jdk7u2_64p\jdk7u15\hotspot\src\share\vm\prims\jvm.cpp:1166
Event: 1.963 Thread 0x0000000010974000 Threw 0x00000007c17b6578 at C:\jdk7u2_64p\jdk7u15\hotspot\src\share\vm\prims\jvm.cpp:1166
Event: 1.963 Thread 0x0000000010974000 Threw 0x00000007c17bb2f0 at C:\jdk7u2_64p\jdk7u15\hotspot\src\share\vm\prims\jvm.cpp:1166
Event: 1.964 Thread 0x0000000010974000 Threw 0x00000007c17c00b0 at C:\jdk7u2_64p\jdk7u15\hotspot\src\share\vm\prims\jvm.cpp:1166
Event: 2.847 Thread 0x0000000010974000 Threw 0x00000007c22db290 at C:\jdk7u2_64p\jdk7u15\hotspot\src\share\vm\prims\jvm.cpp:1166
Event: 4.357 Thread 0x0000000010974000 Threw 0x00000007c08a10a8 at C:\jdk7u2_64p\jdk7u15\hotspot\src\share\vm\prims\jvm.cpp:1166
Event: 4.363 Thread 0x0000000010974000 Threw 0x00000007c08ac828 at C:\jdk7u2_64p\jdk7u15\hotspot\src\share\vm\prims\jvm.cpp:1166

Events (10 events):
Event: 11.625 Executing VM operation: RevokeBias
Event: 11.625 Executing VM operation: RevokeBias done
Event: 11.625 Executing VM operation: RevokeBias
Event: 11.625 Executing VM operation: RevokeBias done
Event: 11.625 Executing VM operation: BulkRevokeBias
Event: 11.625 Executing VM operation: BulkRevokeBias done
Event: 12.390 Thread 0x000000001070f000 flushing nmethod 0x0000000002593c50
Event: 12.684 Thread 0x0000000010974000 DEOPT PACKING pc=0x0000000002564508 sp=0x00000000124af160
Event: 12.684 Thread 0x0000000010974000 DEOPT UNPACKING pc=0x00000000024b9164 sp=0x00000000124af128 mode 2
Event: 13.562 Thread 0x000000001070f000 flushing nmethod 0x00000000025cee10


Dynamic libraries:
0x000000013f200000 - 0x000000013f233000 	C:\Program Files\Java\jre7\bin\javaw.exe
0x0000000077650000 - 0x00000000777f9000 	C:\Windows\SYSTEM32\ntdll.dll
0x0000000076f70000 - 0x000000007708f000 	C:\Windows\system32\kernel32.dll
0x000007fefddf0000 - 0x000007fefde5c000 	C:\Windows\system32\KERNELBASE.dll
0x000007fefe030000 - 0x000007fefe10b000 	C:\Windows\system32\ADVAPI32.dll
0x000007fefe5c0000 - 0x000007fefe65f000 	C:\Windows\system32\msvcrt.dll
0x000007fefdf00000 - 0x000007fefdf1f000 	C:\Windows\SYSTEM32\sechost.dll
0x000007fefe320000 - 0x000007fefe44d000 	C:\Windows\system32\RPCRT4.dll
0x0000000077550000 - 0x000000007764a000 	C:\Windows\system32\USER32.dll
0x000007feff5f0000 - 0x000007feff657000 	C:\Windows\system32\GDI32.dll
0x000007fefdf50000 - 0x000007fefdf5e000 	C:\Windows\system32\LPK.dll
0x000007fefdf60000 - 0x000007fefe029000 	C:\Windows\system32\USP10.dll
0x000007fefb8a0000 - 0x000007fefba94000 	C:\Windows\WinSxS\amd64_microsoft.windows.common-controls_6595b64144ccf1df_6.0.7601.17514_none_fa396087175ac9ac\COMCTL32.dll
0x000007feff660000 - 0x000007feff6d1000 	C:\Windows\system32\SHLWAPI.dll
0x000007fefdf20000 - 0x000007fefdf4e000 	C:\Windows\system32\IMM32.DLL
0x000007fefe750000 - 0x000007fefe859000 	C:\Windows\system32\MSCTF.dll
0x00000000603a0000 - 0x0000000060471000 	C:\Program Files\Java\jre7\bin\msvcr100.dll
0x000000005fc80000 - 0x000000006039f000 	C:\Program Files\Java\jre7\bin\server\jvm.dll
0x000007fef4330000 - 0x000007fef4339000 	C:\Windows\system32\WSOCK32.dll
0x000007fefe550000 - 0x000007fefe59d000 	C:\Windows\system32\WS2_32.dll
0x000007fefe740000 - 0x000007fefe748000 	C:\Windows\system32\NSI.dll
0x000007fefa670000 - 0x000007fefa6ab000 	C:\Windows\system32\WINMM.dll
0x0000000077820000 - 0x0000000077827000 	C:\Windows\system32\PSAPI.DLL
0x0000000070cf0000 - 0x0000000070cff000 	C:\Program Files\Java\jre7\bin\verify.dll
0x000000006ecb0000 - 0x000000006ecd8000 	C:\Program Files\Java\jre7\bin\java.dll
0x0000000070420000 - 0x0000000070435000 	C:\Program Files\Java\jre7\bin\zip.dll
0x0000000065580000 - 0x000000006560d000 	C:\Users\Underclocker\AppData\Local\Temp\libgdxUnderclocker\3722451631\gdx64.dll
0x0000000180000000 - 0x0000000180050000 	C:\Users\Underclocker\AppData\Local\Temp\libgdxUnderclocker\27538956\lwjgl64.dll
0x000007feea960000 - 0x000007feeaa7d000 	C:\Windows\system32\OPENGL32.dll
0x000007fefaba0000 - 0x000007fefabcd000 	C:\Windows\system32\GLU32.dll
0x000007feea360000 - 0x000007feea451000 	C:\Windows\system32\DDRAW.dll
0x000007fefb530000 - 0x000007fefb538000 	C:\Windows\system32\DCIMAN32.dll
0x000007feff780000 - 0x000007feff957000 	C:\Windows\system32\SETUPAPI.dll
0x000007fefdba0000 - 0x000007fefdbd6000 	C:\Windows\system32\CFGMGR32.dll
0x000007fefe660000 - 0x000007fefe737000 	C:\Windows\system32\OLEAUT32.dll
0x000007fefe110000 - 0x000007fefe313000 	C:\Windows\system32\ole32.dll
0x000007fefde60000 - 0x000007fefde7a000 	C:\Windows\system32\DEVOBJ.dll
0x000007fefb0d0000 - 0x000007fefb0e8000 	C:\Windows\system32\dwmapi.dll
0x000007fefcba0000 - 0x000007fefcbac000 	C:\Windows\system32\VERSION.dll
0x0000000001bb0000 - 0x0000000001c12000 	C:\Users\UNDERC~1\AppData\Local\Temp\libgdxUnderclocker\27538956\OpenAL64.dll
0x000007fefe860000 - 0x000007feff5e8000 	C:\Windows\system32\SHELL32.dll
0x000007fefd9e0000 - 0x000007fefd9ef000 	C:\Windows\system32\CRYPTBASE.dll
0x000007fefb4a0000 - 0x000007fefb4f6000 	C:\Windows\system32\uxtheme.dll
0x000007feff6e0000 - 0x000007feff779000 	C:\Windows\system32\CLBCatQ.DLL
0x000007fefc770000 - 0x000007fefc89c000 	C:\Windows\System32\PROPSYS.dll
0x000007fefdb60000 - 0x000007fefdb9a000 	C:\Windows\system32\WINTRUST.dll
0x000007fefdc80000 - 0x000007fefddea000 	C:\Windows\system32\CRYPT32.dll
0x000007fefdb50000 - 0x000007fefdb5f000 	C:\Windows\system32\MSASN1.dll
0x000007fef4370000 - 0x000007fef43f8000 	C:\Windows\system32\dsound.dll
0x000007fefc8a0000 - 0x000007fefc8cc000 	C:\Windows\system32\POWRPROF.dll
0x000007fefc9b0000 - 0x000007fefc9fb000 	C:\Windows\System32\MMDevApi.dll
0x000007fef3ce0000 - 0x000007fef3d2f000 	C:\Windows\system32\AUDIOSES.DLL
0x0000000059cf0000 - 0x000000005b627000 	C:\Windows\system32\nvoglv64.DLL
0x000007fefc740000 - 0x000007fefc76d000 	C:\Windows\system32\ntmarta.dll
0x000007fefe4f0000 - 0x000007fefe542000 	C:\Windows\system32\WLDAP32.dll
0x000007fefa6b0000 - 0x000007fefa74c000 	C:\Windows\system32\mscms.dll
0x000007fefcdb0000 - 0x000007fefcdce000 	C:\Windows\system32\USERENV.dll
0x000007fefdab0000 - 0x000007fefdabf000 	C:\Windows\system32\profapi.dll
0x000007fefab50000 - 0x000007fefab92000 	C:\Windows\system32\icm32.dll
0x000000005dad0000 - 0x000000005dc63000 	C:\Program Files\Java\jre7\bin\awt.dll
0x000007feea160000 - 0x000007feea35f000 	C:\Windows\system32\d3d9.dll
0x000007fefac20000 - 0x000007fefac27000 	C:\Windows\system32\d3d8thk.dll
0x000007fee6c00000 - 0x000007fee7d79000 	C:\Windows\system32\nvd3dumx.dll
0x000000005fc40000 - 0x000000005fc74000 	C:\Program Files\Java\jre7\bin\fontmanager.dll
0x000000006ecf0000 - 0x000000006ed09000 	C:\Program Files\Java\jre7\bin\net.dll
0x000007fefd320000 - 0x000007fefd375000 	C:\Windows\system32\mswsock.dll
0x000007fefd310000 - 0x000007fefd317000 	C:\Windows\System32\wship6.dll
0x000000006ec90000 - 0x000000006eca1000 	C:\Program Files\Java\jre7\bin\nio.dll
0x0000000060510000 - 0x0000000060551000 	C:\Program Files\Java\jre7\bin\t2k.dll
0x000007fef68a0000 - 0x000007fef69c5000 	C:\Windows\system32\dbghelp.dll

VM Arguments:
jvm_args: -Dfile.encoding=Cp1252 
java_command: org.siggd.Main
Launcher Type: SUN_STANDARD

Environment Variables:
PATH=C:\Program Files (x86)\NVIDIA Corporation\PhysX\Common;C:\Program Files (x86)\Intel\iCLS Client\;C:\Program Files\Intel\iCLS Client\;C:\Program Files\Common Files\Microsoft Shared\Windows Live;C:\Program Files (x86)\Common Files\Microsoft Shared\Windows Live;C:\Windows\system32;C:\Windows;C:\Windows\System32\Wbem;C:\Windows\System32\WindowsPowerShell\v1.0\;C:\Program Files (x86)\Windows Live\Shared;C:\Program Files\Intel\Intel(R) Management Engine Components\DAL;C:\Program Files\Intel\Intel(R) Management Engine Components\IPT;C:\Program Files (x86)\Intel\Intel(R) Management Engine Components\DAL;C:\Program Files (x86)\Intel\Intel(R) Management Engine Components\IPT;C:\Program Files (x86)\Java\jre7\bin\;C:\Program Files\TortoiseSVN\bin
USERNAME=Underclocker
OS=Windows_NT
PROCESSOR_IDENTIFIER=Intel64 Family 6 Model 58 Stepping 9, GenuineIntel



---------------  S Y S T E M  ---------------

OS: Windows 7 , 64 bit Build 7601 Service Pack 1

CPU:total 8 (4 cores per cpu, 2 threads per core) family 6 model 58 stepping 9, cmov, cx8, fxsr, mmx, sse, sse2, sse3, ssse3, sse4.1, sse4.2, popcnt, avx, ht, tsc, tscinvbit, tscinv

Memory: 4k page, physical 12541868k(8656572k free), swap 25081884k(20023236k free)

vm_info: Java HotSpot(TM) 64-Bit Server VM (23.7-b01) for windows-amd64 JRE (1.7.0_15-b03), built on Feb 15 2013 13:43:57 by "java_re" with unknown MS VC++:1600

time: Thu Mar 28 21:40:23 2013
elapsed time: 13 seconds

