#
# A fatal error has been detected by the Java Runtime Environment:
#
#  EXCEPTION_ACCESS_VIOLATION (0xc0000005) at pc=0x0000000000000000, pid=3820, tid=808
#
# JRE version: 7.0_15-b03
# Java VM: Java HotSpot(TM) 64-Bit Server VM (23.7-b01 mixed mode windows-amd64 compressed oops)
# Problematic frame:
# C  0x0000000000000000
#
# Failed to write core dump. Minidumps are not enabled by default on client versions of Windows
#
# If you would like to submit a bug report, please visit:
#   http://bugreport.sun.com/bugreport/crash.jsp
# The crash happened outside the Java Virtual Machine in native code.
# See problematic frame for where to report the bug.
#

---------------  T H R E A D  ---------------

Current thread (0x0000000010b4f800):  JavaThread "LWJGL Application" [_thread_in_native, id=808, stack(0x0000000011cd0000,0x0000000011dd0000)]

siginfo: ExceptionCode=0xc0000005, ExceptionInformation=0x0000000000000008 0x0000000000000000

Registers:
RAX=0x00000000004b8ea0, RBX=0x00000000004b8d60, RCX=0x00000000004b8d60, RDX=0x0000000018e20080
RSP=0x0000000011dcec68, RBP=0x00000000004bda90, RSI=0x0000000018e20080, RDI=0x0000000018e20080
R8 =0x0000000018e20080, R9 =0x00000000004b8d60, R10=0x000000000269237c, R11=0x000000005fe41f50
R12=0x0000000000000000, R13=0x000000073bda8310, R14=0x0000000011dcedd0, R15=0x0000000010b4f800
RIP=0x0000000000000000, EFLAGS=0x0000000000010202

Top of Stack: (sp=0x0000000011dcec68)
0x0000000011dcec68:   0000000065593692 0000000002685510
0x0000000011dcec78:   0000000000000000 0000000011dceda0
0x0000000011dcec88:   0000000011dced48 000000001093a318
0x0000000011dcec98:   00000000004b8d60 0000000018e39760
0x0000000011dceca8:   00000000655a0b23 0000000000000016
0x0000000011dcecb8:   000000073bb677fb 00000007000000b6
0x0000000011dcecc8:   00000000004b5b60 000000073bda8310
0x0000000011dcecd8:   00000007c3853890 00000000000007ff
0x0000000011dcece8:   0000000011dced90 0000000000000000
0x0000000011dcecf8:   00000000026923a8 000000073bb67a10
0x0000000011dced08:   0000000000000000 0000000011dced48
0x0000000011dced18:   0000000011dceda0 00000000026863d3
0x0000000011dced28:   0000000000000000 0000000000000409
0x0000000011dced38:   0000000000000409 00000007c392c6a0
0x0000000011dced48:   00000000004b8d60 0000000011dced50
0x0000000011dced58:   0000000000000000 0000000011dcedd0 

Instructions: (pc=0x0000000000000000)
0xffffffffffffffe0:   


Register to memory mapping:

RAX=0x00000000004b8ea0 is an unknown value
RBX=0x00000000004b8d60 is an unknown value
RCX=0x00000000004b8d60 is an unknown value
RDX=0x0000000018e20080 is an unknown value
RSP=0x0000000011dcec68 is pointing into the stack for thread: 0x0000000010b4f800
RBP=0x00000000004bda90 is an unknown value
RSI=0x0000000018e20080 is an unknown value
RDI=0x0000000018e20080 is an unknown value
R8 =0x0000000018e20080 is an unknown value
R9 =0x00000000004b8d60 is an unknown value
R10=0x000000000269237c is an Interpreter codelet
method entry point (kind = native)  [0x0000000002692100, 0x0000000002692980]  2176 bytes
R11=0x000000005fe41f50 is an unknown value
R12=0x0000000000000000 is an unknown value
R13=0x000000073bda8310 is an oop
{method} 
 - klass: {other class}
R14=0x0000000011dcedd0 is pointing into the stack for thread: 0x0000000010b4f800
R15=0x0000000010b4f800 is a thread


Stack: [0x0000000011cd0000,0x0000000011dd0000],  sp=0x0000000011dcec68,  free space=1019k
Java frames: (J=compiled Java code, j=interpreted, Vv=VM code)
j  com.badlogic.gdx.physics.box2d.World.jniDestroyJoint(JJ)V+0
j  com.badlogic.gdx.physics.box2d.World.destroyJoint(Lcom/badlogic/gdx/physics/box2d/Joint;)V+57
j  org.siggd.actor.Blob.transform()V+1163
j  org.siggd.actor.Blob.keyDown(I)Z+141
j  com.badlogic.gdx.InputMultiplexer.keyDown(I)Z+27
j  com.badlogic.gdx.backends.lwjgl.LwjglInput.processEvents()V+98
j  com.badlogic.gdx.backends.lwjgl.LwjglApplication.mainLoop()V+459
j  com.badlogic.gdx.backends.lwjgl.LwjglApplication$1.run()V+27
v  ~StubRoutines::call_stub

---------------  P R O C E S S  ---------------

Java Threads: ( => current thread )
  0x0000000015330800 JavaThread "LWJGL Timer" daemon [_thread_blocked, id=4428, stack(0x0000000019060000,0x0000000019160000)]
  0x0000000015325800 JavaThread "D3D Screen Updater" daemon [_thread_blocked, id=4732, stack(0x0000000018d20000,0x0000000018e20000)]
  0x00000000158e6000 JavaThread "AssetManager-Loader-Thread" daemon [_thread_blocked, id=5488, stack(0x0000000018b70000,0x0000000018c70000)]
  0x000000001597a800 JavaThread "AWT-EventQueue-0" [_thread_blocked, id=3148, stack(0x0000000017f00000,0x0000000018000000)]
  0x00000000151ba000 JavaThread "AWT-Windows" daemon [_thread_in_native, id=3972, stack(0x0000000016c50000,0x0000000016d50000)]
  0x0000000010c76800 JavaThread "AWT-Shutdown" [_thread_blocked, id=4012, stack(0x0000000016a20000,0x0000000016b20000)]
  0x0000000010bf1000 JavaThread "Java2D Disposer" daemon [_thread_blocked, id=3172, stack(0x0000000016920000,0x0000000016a20000)]
  0x00000000022dd000 JavaThread "DestroyJavaVM" [_thread_blocked, id=1100, stack(0x0000000002580000,0x0000000002680000)]
=>0x0000000010b4f800 JavaThread "LWJGL Application" [_thread_in_native, id=808, stack(0x0000000011cd0000,0x0000000011dd0000)]
  0x000000001093d000 JavaThread "Service Thread" daemon [_thread_blocked, id=5180, stack(0x00000000113d0000,0x00000000114d0000)]
  0x0000000010934000 JavaThread "C2 CompilerThread1" daemon [_thread_blocked, id=3236, stack(0x0000000010ed0000,0x0000000010fd0000)]
  0x000000001092d000 JavaThread "C2 CompilerThread0" daemon [_thread_blocked, id=3932, stack(0x0000000011140000,0x0000000011240000)]
  0x000000001092c000 JavaThread "Attach Listener" daemon [_thread_blocked, id=1404, stack(0x0000000010ff0000,0x00000000110f0000)]
  0x000000001092b000 JavaThread "Signal Dispatcher" daemon [_thread_blocked, id=4384, stack(0x0000000010d70000,0x0000000010e70000)]
  0x000000000e928000 JavaThread "Finalizer" daemon [_thread_blocked, id=3124, stack(0x00000000107e0000,0x00000000108e0000)]
  0x000000000e91f800 JavaThread "Reference Handler" daemon [_thread_blocked, id=1444, stack(0x00000000106c0000,0x00000000107c0000)]

Other Threads:
  0x000000000e916000 VMThread [stack: 0x0000000010550000,0x0000000010650000] [id=5404]
  0x0000000010956000 WatcherThread [stack: 0x0000000011500000,0x0000000011600000] [id=6092]

VM state:not at safepoint (normal execution)

VM Mutex/Monitor currently owned by a thread: None

Heap
 PSYoungGen      total 51072K, used 22266K [0x00000007c0360000, 0x00000007c3c10000, 0x0000000800000000)
  eden space 46656K, 40% used [0x00000007c0360000,0x00000007c15e47e8,0x00000007c30f0000)
  from space 4416K, 74% used [0x00000007c37c0000,0x00000007c3afa3a0,0x00000007c3c10000)
  to   space 5696K, 0% used [0x00000007c30f0000,0x00000007c30f0000,0x00000007c3680000)
 ParOldGen       total 130688K, used 40K [0x0000000740a00000, 0x00000007489a0000, 0x00000007c0360000)
  object space 130688K, 0% used [0x0000000740a00000,0x0000000740a0a000,0x00000007489a0000)
 PSPermGen       total 21248K, used 16345K [0x000000073b800000, 0x000000073ccc0000, 0x0000000740a00000)
  object space 21248K, 76% used [0x000000073b800000,0x000000073c7f6688,0x000000073ccc0000)

Card table byte_map: [0x0000000005680000,0x0000000005cb0000] byte_map_base: 0x0000000001ca4000

Polling page: 0x0000000000220000

Code Cache  [0x0000000002680000, 0x00000000028f0000, 0x0000000005680000)
 total_blobs=1078 nmethods=490 adapters=539 free_code_cache=47415Kb largest_free_block=48511616

Compilation events (10 events):
Event: 19.213 Thread 0x000000001092d000  487             java.lang.ThreadLocal::getMap (5 bytes)
Event: 19.213 Thread 0x0000000010934000  488             java.lang.ThreadLocal::access$400 (5 bytes)
Event: 19.213 Thread 0x0000000010934000 nmethod 488 0x0000000002831ad0 code [0x0000000002831c00, 0x0000000002831c58]
Event: 19.213 Thread 0x000000001092d000 nmethod 487 0x000000000280aa10 code [0x000000000280ab40, 0x000000000280abb8]
Event: 19.221 Thread 0x000000001092d000  489   !         java.lang.ref.ReferenceQueue::poll (28 bytes)
Event: 19.221 Thread 0x0000000010934000  490   !         java.util.WeakHashMap::expungeStaleEntries (139 bytes)
Event: 19.222 Thread 0x000000001092d000 nmethod 489 0x0000000002832c90 code [0x0000000002832de0, 0x0000000002833118]
Event: 19.228 Thread 0x0000000010934000 nmethod 490 0x000000000282d890 code [0x000000000282da00, 0x000000000282e478]
Event: 19.440 Thread 0x000000001092d000  491             java.util.concurrent.atomic.AtomicInteger::get (5 bytes)
Event: 19.440 Thread 0x000000001092d000 nmethod 491 0x000000000280a810 code [0x000000000280a940, 0x000000000280a998]

GC Heap History (10 events):
Event: 4.040 GC heap before
{Heap before GC invocations=2 (full 0):
 PSYoungGen      total 57152K, used 54912K [0x00000007c0360000, 0x00000007c4320000, 0x0000000800000000)
  eden space 49024K, 100% used [0x00000007c0360000,0x00000007c3340000,0x00000007c3340000)
  from space 8128K, 72% used [0x00000007c3340000,0x00000007c39000b0,0x00000007c3b30000)
  to   space 8128K, 0% used [0x00000007c3b30000,0x00000007c3b30000,0x00000007c4320000)
 ParOldGen       total 130688K, used 8K [0x0000000740a00000, 0x00000007489a0000, 0x00000007c0360000)
  object space 130688K, 0% used [0x0000000740a00000,0x0000000740a02000,0x00000007489a0000)
 PSPermGen       total 21248K, used 16219K [0x000000073b800000, 0x000000073ccc0000, 0x0000000740a00000)
  object space 21248K, 76% used [0x000000073b800000,0x000000073c7d6f48,0x000000073ccc0000)
Event: 4.045 GC heap after
Heap after GC invocations=2 (full 0):
 PSYoungGen      total 57152K, used 3368K [0x00000007c0360000, 0x00000007c4320000, 0x0000000800000000)
  eden space 49024K, 0% used [0x00000007c0360000,0x00000007c0360000,0x00000007c3340000)
  from space 8128K, 41% used [0x00000007c3b30000,0x00000007c3e7a320,0x00000007c4320000)
  to   space 8128K, 0% used [0x00000007c3340000,0x00000007c3340000,0x00000007c3b30000)
 ParOldGen       total 130688K, used 24K [0x0000000740a00000, 0x00000007489a0000, 0x00000007c0360000)
  object space 130688K, 0% used [0x0000000740a00000,0x0000000740a06000,0x00000007489a0000)
 PSPermGen       total 21248K, used 16219K [0x000000073b800000, 0x000000073ccc0000, 0x0000000740a00000)
  object space 21248K, 76% used [0x000000073b800000,0x000000073c7d6f48,0x000000073ccc0000)
}
Event: 7.771 GC heap before
{Heap before GC invocations=3 (full 0):
 PSYoungGen      total 57152K, used 52392K [0x00000007c0360000, 0x00000007c4320000, 0x0000000800000000)
  eden space 49024K, 100% used [0x00000007c0360000,0x00000007c3340000,0x00000007c3340000)
  from space 8128K, 41% used [0x00000007c3b30000,0x00000007c3e7a320,0x00000007c4320000)
  to   space 8128K, 0% used [0x00000007c3340000,0x00000007c3340000,0x00000007c3b30000)
 ParOldGen       total 130688K, used 24K [0x0000000740a00000, 0x00000007489a0000, 0x00000007c0360000)
  object space 130688K, 0% used [0x0000000740a00000,0x0000000740a06000,0x00000007489a0000)
 PSPermGen       total 21248K, used 16276K [0x000000073b800000, 0x000000073ccc0000, 0x0000000740a00000)
  object space 21248K, 76% used [0x000000073b800000,0x000000073c7e52e8,0x000000073ccc0000)
Event: 7.776 GC heap after
Heap after GC invocations=3 (full 0):
 PSYoungGen      total 57152K, used 3304K [0x00000007c0360000, 0x00000007c4320000, 0x0000000800000000)
  eden space 49024K, 0% used [0x00000007c0360000,0x00000007c0360000,0x00000007c3340000)
  from space 8128K, 40% used [0x00000007c3340000,0x00000007c367a3a0,0x00000007c3b30000)
  to   space 8128K, 0% used [0x00000007c3b30000,0x00000007c3b30000,0x00000007c4320000)
 ParOldGen       total 130688K, used 32K [0x0000000740a00000, 0x00000007489a0000, 0x00000007c0360000)
  object space 130688K, 0% used [0x0000000740a00000,0x0000000740a08000,0x00000007489a0000)
 PSPermGen       total 21248K, used 16276K [0x000000073b800000, 0x000000073ccc0000, 0x0000000740a00000)
  object space 21248K, 76% used [0x000000073b800000,0x000000073c7e52e8,0x000000073ccc0000)
}
Event: 11.621 GC heap before
{Heap before GC invocations=4 (full 0):
 PSYoungGen      total 57152K, used 52328K [0x00000007c0360000, 0x00000007c4320000, 0x0000000800000000)
  eden space 49024K, 100% used [0x00000007c0360000,0x00000007c3340000,0x00000007c3340000)
  from space 8128K, 40% used [0x00000007c3340000,0x00000007c367a3a0,0x00000007c3b30000)
  to   space 8128K, 0% used [0x00000007c3b30000,0x00000007c3b30000,0x00000007c4320000)
 ParOldGen       total 130688K, used 32K [0x0000000740a00000, 0x00000007489a0000, 0x00000007c0360000)
  object space 130688K, 0% used [0x0000000740a00000,0x0000000740a08000,0x00000007489a0000)
 PSPermGen       total 21248K, used 16301K [0x000000073b800000, 0x000000073ccc0000, 0x0000000740a00000)
  object space 21248K, 76% used [0x000000073b800000,0x000000073c7eb718,0x000000073ccc0000)
Event: 11.625 GC heap after
Heap after GC invocations=4 (full 0):
 PSYoungGen      total 57152K, used 3352K [0x00000007c0360000, 0x00000007c4320000, 0x0000000800000000)
  eden space 49024K, 0% used [0x00000007c0360000,0x00000007c0360000,0x00000007c3340000)
  from space 8128K, 41% used [0x00000007c3b30000,0x00000007c3e76310,0x00000007c4320000)
  to   space 8128K, 0% used [0x00000007c3340000,0x00000007c3340000,0x00000007c3b30000)
 ParOldGen       total 130688K, used 32K [0x0000000740a00000, 0x00000007489a0000, 0x00000007c0360000)
  object space 130688K, 0% used [0x0000000740a00000,0x0000000740a08000,0x00000007489a0000)
 PSPermGen       total 21248K, used 16301K [0x000000073b800000, 0x000000073ccc0000, 0x0000000740a00000)
  object space 21248K, 76% used [0x000000073b800000,0x000000073c7eb718,0x000000073ccc0000)
}
Event: 15.454 GC heap before
{Heap before GC invocations=5 (full 0):
 PSYoungGen      total 57152K, used 52376K [0x00000007c0360000, 0x00000007c4320000, 0x0000000800000000)
  eden space 49024K, 100% used [0x00000007c0360000,0x00000007c3340000,0x00000007c3340000)
  from space 8128K, 41% used [0x00000007c3b30000,0x00000007c3e76310,0x00000007c4320000)
  to   space 8128K, 0% used [0x00000007c3340000,0x00000007c3340000,0x00000007c3b30000)
 ParOldGen       total 130688K, used 32K [0x0000000740a00000, 0x00000007489a0000, 0x00000007c0360000)
  object space 130688K, 0% used [0x0000000740a00000,0x0000000740a08000,0x00000007489a0000)
 PSPermGen       total 21248K, used 16322K [0x000000073b800000, 0x000000073ccc0000, 0x0000000740a00000)
  object space 21248K, 76% used [0x000000073b800000,0x000000073c7f0800,0x000000073ccc0000)
Event: 15.458 GC heap after
Heap after GC invocations=5 (full 0):
 PSYoungGen      total 51200K, used 3384K [0x00000007c0360000, 0x00000007c3d70000, 0x0000000800000000)
  eden space 47808K, 0% used [0x00000007c0360000,0x00000007c0360000,0x00000007c3210000)
  from space 3392K, 99% used [0x00000007c3340000,0x00000007c368e310,0x00000007c3690000)
  to   space 5824K, 0% used [0x00000007c37c0000,0x00000007c37c0000,0x00000007c3d70000)
 ParOldGen       total 130688K, used 40K [0x0000000740a00000, 0x00000007489a0000, 0x00000007c0360000)
  object space 130688K, 0% used [0x0000000740a00000,0x0000000740a0a000,0x00000007489a0000)
 PSPermGen       total 21248K, used 16322K [0x000000073b800000, 0x000000073ccc0000, 0x0000000740a00000)
  object space 21248K, 76% used [0x000000073b800000,0x000000073c7f0800,0x000000073ccc0000)
}
Event: 19.206 GC heap before
{Heap before GC invocations=6 (full 0):
 PSYoungGen      total 51200K, used 51192K [0x00000007c0360000, 0x00000007c3d70000, 0x0000000800000000)
  eden space 47808K, 100% used [0x00000007c0360000,0x00000007c3210000,0x00000007c3210000)
  from space 3392K, 99% used [0x00000007c3340000,0x00000007c368e310,0x00000007c3690000)
  to   space 5824K, 0% used [0x00000007c37c0000,0x00000007c37c0000,0x00000007c3d70000)
 ParOldGen       total 130688K, used 40K [0x0000000740a00000, 0x00000007489a0000, 0x00000007c0360000)
  object space 130688K, 0% used [0x0000000740a00000,0x0000000740a0a000,0x00000007489a0000)
 PSPermGen       total 21248K, used 16342K [0x000000073b800000, 0x000000073ccc0000, 0x0000000740a00000)
  object space 21248K, 76% used [0x000000073b800000,0x000000073c7f59d8,0x000000073ccc0000)
Event: 19.210 GC heap after
Heap after GC invocations=6 (full 0):
 PSYoungGen      total 51072K, used 3304K [0x00000007c0360000, 0x00000007c3c10000, 0x0000000800000000)
  eden space 46656K, 0% used [0x00000007c0360000,0x00000007c0360000,0x00000007c30f0000)
  from space 4416K, 74% used [0x00000007c37c0000,0x00000007c3afa3a0,0x00000007c3c10000)
  to   space 5696K, 0% used [0x00000007c30f0000,0x00000007c30f0000,0x00000007c3680000)
 ParOldGen       total 130688K, used 40K [0x0000000740a00000, 0x00000007489a0000, 0x00000007c0360000)
  object space 130688K, 0% used [0x0000000740a00000,0x0000000740a0a000,0x00000007489a0000)
 PSPermGen       total 21248K, used 16342K [0x000000073b800000, 0x000000073ccc0000, 0x0000000740a00000)
  object space 21248K, 76% used [0x000000073b800000,0x000000073c7f59d8,0x000000073ccc0000)
}

Deoptimization events (10 events):
Event: 1.661 Thread 0x0000000010b4f800 Uncommon trap -83 fr.pc 0x000000000275c0b4
Event: 1.899 Thread 0x0000000010b4f800 Uncommon trap -83 fr.pc 0x00000000027656f0
Event: 4.120 Thread 0x0000000010b4f800 Uncommon trap -83 fr.pc 0x00000000027ddfe4
Event: 4.224 Thread 0x0000000010b4f800 Uncommon trap -83 fr.pc 0x000000000279a3e8
Event: 9.004 Thread 0x0000000010b4f800 Uncommon trap -83 fr.pc 0x0000000002708250
Event: 9.276 Thread 0x0000000010b4f800 Uncommon trap -34 fr.pc 0x00000000027b80fc
Event: 9.292 Thread 0x0000000010b4f800 Uncommon trap -34 fr.pc 0x00000000027b80fc
Event: 9.308 Thread 0x0000000010b4f800 Uncommon trap -34 fr.pc 0x00000000027b80fc
Event: 9.325 Thread 0x0000000010b4f800 Uncommon trap -34 fr.pc 0x00000000027b80fc
Event: 9.487 Thread 0x0000000010b4f800 Uncommon trap -122 fr.pc 0x0000000002765788

Internal exceptions (10 events):
Event: 1.942 Thread 0x0000000010b4f800 Threw 0x00000007c17acc70 at C:\jdk7u2_64p\jdk7u15\hotspot\src\share\vm\prims\jvm.cpp:1166
Event: 1.942 Thread 0x0000000010b4f800 Threw 0x00000007c17b19b0 at C:\jdk7u2_64p\jdk7u15\hotspot\src\share\vm\prims\jvm.cpp:1166
Event: 1.942 Thread 0x0000000010b4f800 Threw 0x00000007c17b63a0 at C:\jdk7u2_64p\jdk7u15\hotspot\src\share\vm\prims\jvm.cpp:1166
Event: 1.943 Thread 0x0000000010b4f800 Threw 0x00000007c17bb048 at C:\jdk7u2_64p\jdk7u15\hotspot\src\share\vm\prims\jvm.cpp:1166
Event: 1.952 Thread 0x0000000010b4f800 Threw 0x00000007c17c1838 at C:\jdk7u2_64p\jdk7u15\hotspot\src\share\vm\prims\jvm.cpp:1166
Event: 1.953 Thread 0x0000000010b4f800 Threw 0x00000007c17c65b0 at C:\jdk7u2_64p\jdk7u15\hotspot\src\share\vm\prims\jvm.cpp:1166
Event: 1.953 Thread 0x0000000010b4f800 Threw 0x00000007c17cb370 at C:\jdk7u2_64p\jdk7u15\hotspot\src\share\vm\prims\jvm.cpp:1166
Event: 3.087 Thread 0x0000000010b4f800 Threw 0x00000007c25b1be8 at C:\jdk7u2_64p\jdk7u15\hotspot\src\share\vm\prims\jvm.cpp:1166
Event: 4.661 Thread 0x0000000010b4f800 Threw 0x00000007c0c595f0 at C:\jdk7u2_64p\jdk7u15\hotspot\src\share\vm\prims\jvm.cpp:1166
Event: 4.670 Thread 0x0000000010b4f800 Threw 0x00000007c0c64d70 at C:\jdk7u2_64p\jdk7u15\hotspot\src\share\vm\prims\jvm.cpp:1166

Events (10 events):
Event: 11.627 Executing VM operation: RevokeBias
Event: 11.627 Executing VM operation: RevokeBias done
Event: 11.627 Executing VM operation: RevokeBias
Event: 11.627 Executing VM operation: RevokeBias done
Event: 11.627 Executing VM operation: BulkRevokeBias
Event: 11.627 Executing VM operation: BulkRevokeBias done
Event: 15.454 Executing VM operation: ParallelGCFailedAllocation
Event: 15.458 Executing VM operation: ParallelGCFailedAllocation done
Event: 19.206 Executing VM operation: ParallelGCFailedAllocation
Event: 19.210 Executing VM operation: ParallelGCFailedAllocation done


Dynamic libraries:
0x000000013fe90000 - 0x000000013fec3000 	C:\Program Files\Java\jre7\bin\javaw.exe
0x0000000077650000 - 0x00000000777f9000 	C:\Windows\SYSTEM32\ntdll.dll
0x0000000076f70000 - 0x000000007708f000 	C:\Windows\system32\kernel32.dll
0x000007fefddf0000 - 0x000007fefde5c000 	C:\Windows\system32\KERNELBASE.dll
0x000007fefe030000 - 0x000007fefe10b000 	C:\Windows\system32\ADVAPI32.dll
0x000007fefe5c0000 - 0x000007fefe65f000 	C:\Windows\system32\msvcrt.dll
0x000007fefdf00000 - 0x000007fefdf1f000 	C:\Windows\SYSTEM32\sechost.dll
0x000007fefe320000 - 0x000007fefe44d000 	C:\Windows\system32\RPCRT4.dll
0x0000000077550000 - 0x000000007764a000 	C:\Windows\system32\USER32.dll
0x000007feff5f0000 - 0x000007feff657000 	C:\Windows\system32\GDI32.dll
0x000007fefdf50000 - 0x000007fefdf5e000 	C:\Windows\system32\LPK.dll
0x000007fefdf60000 - 0x000007fefe029000 	C:\Windows\system32\USP10.dll
0x000007fefb8a0000 - 0x000007fefba94000 	C:\Windows\WinSxS\amd64_microsoft.windows.common-controls_6595b64144ccf1df_6.0.7601.17514_none_fa396087175ac9ac\COMCTL32.dll
0x000007feff660000 - 0x000007feff6d1000 	C:\Windows\system32\SHLWAPI.dll
0x000007fefdf20000 - 0x000007fefdf4e000 	C:\Windows\system32\IMM32.DLL
0x000007fefe750000 - 0x000007fefe859000 	C:\Windows\system32\MSCTF.dll
0x00000000603a0000 - 0x0000000060471000 	C:\Program Files\Java\jre7\bin\msvcr100.dll
0x000000005fc80000 - 0x000000006039f000 	C:\Program Files\Java\jre7\bin\server\jvm.dll
0x000007fef4330000 - 0x000007fef4339000 	C:\Windows\system32\WSOCK32.dll
0x000007fefe550000 - 0x000007fefe59d000 	C:\Windows\system32\WS2_32.dll
0x000007fefe740000 - 0x000007fefe748000 	C:\Windows\system32\NSI.dll
0x000007fefa670000 - 0x000007fefa6ab000 	C:\Windows\system32\WINMM.dll
0x0000000077820000 - 0x0000000077827000 	C:\Windows\system32\PSAPI.DLL
0x0000000070cf0000 - 0x0000000070cff000 	C:\Program Files\Java\jre7\bin\verify.dll
0x000000006ecb0000 - 0x000000006ecd8000 	C:\Program Files\Java\jre7\bin\java.dll
0x0000000070420000 - 0x0000000070435000 	C:\Program Files\Java\jre7\bin\zip.dll
0x0000000065580000 - 0x000000006560d000 	C:\Users\Underclocker\AppData\Local\Temp\libgdxUnderclocker\3722451631\gdx64.dll
0x0000000180000000 - 0x0000000180050000 	C:\Users\Underclocker\AppData\Local\Temp\libgdxUnderclocker\27538956\lwjgl64.dll
0x000007feeab60000 - 0x000007feeac7d000 	C:\Windows\system32\OPENGL32.dll
0x000007fefab40000 - 0x000007fefab6d000 	C:\Windows\system32\GLU32.dll
0x000007feef1c0000 - 0x000007feef2b1000 	C:\Windows\system32\DDRAW.dll
0x000007fefab20000 - 0x000007fefab28000 	C:\Windows\system32\DCIMAN32.dll
0x000007feff780000 - 0x000007feff957000 	C:\Windows\system32\SETUPAPI.dll
0x000007fefdba0000 - 0x000007fefdbd6000 	C:\Windows\system32\CFGMGR32.dll
0x000007fefe660000 - 0x000007fefe737000 	C:\Windows\system32\OLEAUT32.dll
0x000007fefe110000 - 0x000007fefe313000 	C:\Windows\system32\ole32.dll
0x000007fefde60000 - 0x000007fefde7a000 	C:\Windows\system32\DEVOBJ.dll
0x000007fefb0d0000 - 0x000007fefb0e8000 	C:\Windows\system32\dwmapi.dll
0x000007fefcba0000 - 0x000007fefcbac000 	C:\Windows\system32\VERSION.dll
0x0000000002400000 - 0x0000000002462000 	C:\Users\UNDERC~1\AppData\Local\Temp\libgdxUnderclocker\27538956\OpenAL64.dll
0x000007fefe860000 - 0x000007feff5e8000 	C:\Windows\system32\SHELL32.dll
0x000007fefd9e0000 - 0x000007fefd9ef000 	C:\Windows\system32\CRYPTBASE.dll
0x000007fefb4a0000 - 0x000007fefb4f6000 	C:\Windows\system32\uxtheme.dll
0x000007feff6e0000 - 0x000007feff779000 	C:\Windows\system32\CLBCatQ.DLL
0x000007fefc770000 - 0x000007fefc89c000 	C:\Windows\System32\PROPSYS.dll
0x000007fefdb60000 - 0x000007fefdb9a000 	C:\Windows\system32\WINTRUST.dll
0x000007fefdc80000 - 0x000007fefddea000 	C:\Windows\system32\CRYPT32.dll
0x000007fefdb50000 - 0x000007fefdb5f000 	C:\Windows\system32\MSASN1.dll
0x000007fef4370000 - 0x000007fef43f8000 	C:\Windows\system32\dsound.dll
0x000007fefc8a0000 - 0x000007fefc8cc000 	C:\Windows\system32\POWRPROF.dll
0x000007fefc9b0000 - 0x000007fefc9fb000 	C:\Windows\System32\MMDevApi.dll
0x000007fef3ce0000 - 0x000007fef3d2f000 	C:\Windows\system32\AUDIOSES.DLL
0x00000000583b0000 - 0x0000000059ce7000 	C:\Windows\system32\nvoglv64.DLL
0x000007fefc740000 - 0x000007fefc76d000 	C:\Windows\system32\ntmarta.dll
0x000007fefe4f0000 - 0x000007fefe542000 	C:\Windows\system32\WLDAP32.dll
0x000007fefa6b0000 - 0x000007fefa74c000 	C:\Windows\system32\mscms.dll
0x000007fefcdb0000 - 0x000007fefcdce000 	C:\Windows\system32\USERENV.dll
0x000007fefdab0000 - 0x000007fefdabf000 	C:\Windows\system32\profapi.dll
0x000007fef69d0000 - 0x000007fef6a12000 	C:\Windows\system32\icm32.dll
0x000000005dc70000 - 0x000000005de03000 	C:\Program Files\Java\jre7\bin\awt.dll
0x000007feea260000 - 0x000007feea45f000 	C:\Windows\system32\d3d9.dll
0x000007fefb530000 - 0x000007fefb537000 	C:\Windows\system32\d3d8thk.dll
0x000007fee7d80000 - 0x000007fee8ef9000 	C:\Windows\system32\nvd3dumx.dll
0x0000000060520000 - 0x0000000060554000 	C:\Program Files\Java\jre7\bin\fontmanager.dll
0x000000006ecf0000 - 0x000000006ed09000 	C:\Program Files\Java\jre7\bin\net.dll
0x000007fefd320000 - 0x000007fefd375000 	C:\Windows\system32\mswsock.dll
0x000007fefd310000 - 0x000007fefd317000 	C:\Windows\System32\wship6.dll
0x000000006ec90000 - 0x000000006eca1000 	C:\Program Files\Java\jre7\bin\nio.dll
0x000000005fc30000 - 0x000000005fc71000 	C:\Program Files\Java\jre7\bin\t2k.dll
0x000007fef68a0000 - 0x000007fef69c5000 	C:\Windows\system32\dbghelp.dll

VM Arguments:
jvm_args: -Dfile.encoding=Cp1252 
java_command: org.siggd.Main
Launcher Type: SUN_STANDARD

Environment Variables:
PATH=C:\Program Files (x86)\NVIDIA Corporation\PhysX\Common;C:\Program Files (x86)\Intel\iCLS Client\;C:\Program Files\Intel\iCLS Client\;C:\Program Files\Common Files\Microsoft Shared\Windows Live;C:\Program Files (x86)\Common Files\Microsoft Shared\Windows Live;C:\Windows\system32;C:\Windows;C:\Windows\System32\Wbem;C:\Windows\System32\WindowsPowerShell\v1.0\;C:\Program Files (x86)\Windows Live\Shared;C:\Program Files\Intel\Intel(R) Management Engine Components\DAL;C:\Program Files\Intel\Intel(R) Management Engine Components\IPT;C:\Program Files (x86)\Intel\Intel(R) Management Engine Components\DAL;C:\Program Files (x86)\Intel\Intel(R) Management Engine Components\IPT;C:\Program Files (x86)\Java\jre7\bin\;C:\Program Files\TortoiseSVN\bin
USERNAME=Underclocker
OS=Windows_NT
PROCESSOR_IDENTIFIER=Intel64 Family 6 Model 58 Stepping 9, GenuineIntel



---------------  S Y S T E M  ---------------

OS: Windows 7 , 64 bit Build 7601 Service Pack 1

CPU:total 8 (4 cores per cpu, 2 threads per core) family 6 model 58 stepping 9, cmov, cx8, fxsr, mmx, sse, sse2, sse3, ssse3, sse4.1, sse4.2, popcnt, avx, ht, tsc, tscinvbit, tscinv

Memory: 4k page, physical 12541868k(8671944k free), swap 25081884k(20039492k free)

vm_info: Java HotSpot(TM) 64-Bit Server VM (23.7-b01) for windows-amd64 JRE (1.7.0_15-b03), built on Feb 15 2013 13:43:57 by "java_re" with unknown MS VC++:1600

time: Thu Mar 28 21:32:45 2013
elapsed time: 20 seconds

