#
# A fatal error has been detected by the Java Runtime Environment:
#
#  EXCEPTION_ACCESS_VIOLATION (0xc0000005) at pc=0x0000000000000000, pid=3092, tid=5872
#
# JRE version: 7.0_15-b03
# Java VM: Java HotSpot(TM) 64-Bit Server VM (23.7-b01 mixed mode windows-amd64 compressed oops)
# Problematic frame:
# C  0x0000000000000000
#
# Failed to write core dump. Minidumps are not enabled by default on client versions of Windows
#
# If you would like to submit a bug report, please visit:
#   http://bugreport.sun.com/bugreport/crash.jsp
# The crash happened outside the Java Virtual Machine in native code.
# See problematic frame for where to report the bug.
#

---------------  T H R E A D  ---------------

Current thread (0x0000000010a25000):  JavaThread "LWJGL Application" [_thread_in_native, id=5872, stack(0x0000000012330000,0x0000000012430000)]

siginfo: ExceptionCode=0xc0000005, ExceptionInformation=0x0000000000000008 0x0000000000000000

Registers:
RAX=0x0000000000514790, RBX=0x0000000000514650, RCX=0x0000000000514650, RDX=0x0000000018c80080
RSP=0x000000001242eb98, RBP=0x0000000018c99ce0, RSI=0x0000000018c80080, RDI=0x0000000018c80080
R8 =0x0000000018c80080, R9 =0x0000000000514650, R10=0x000000000261237c, R11=0x000000005fe41f50
R12=0x0000000000000000, R13=0x000000073bda8310, R14=0x000000001242ed00, R15=0x0000000010a25000
RIP=0x0000000000000000, EFLAGS=0x0000000000010206

Top of Stack: (sp=0x000000001242eb98)
0x000000001242eb98:   0000000065593692 0000000000000021
0x000000001242eba8:   0000000000000000 000000001242ebb0
0x000000001242ebb8:   000000073b91f668 000000001242ec00
0x000000001242ebc8:   0000000000514650 0000000000519380
0x000000001242ebd8:   00000000655a0b23 0000000000000000
0x000000001242ebe8:   000000001242ec00 000000001242ec58
0x000000001242ebf8:   0000000000512350 000000073bda8310
0x000000001242ec08:   0000000000000002 00000000026061f8
0x000000001242ec18:   000000001242ecc0 0000000000000000
0x000000001242ec28:   00000000026123a8 000000073bb67a10
0x000000001242ec38:   0000000000000000 000000001242ec78
0x000000001242ec48:   000000001242ecd0 00000000026063d3
0x000000001242ec58:   0000000000000000 0000000000000409
0x000000001242ec68:   0000000000000409 00000007c3c39b80
0x000000001242ec78:   0000000000514650 000000001242ec80
0x000000001242ec88:   0000000000000000 000000001242ed00 

Instructions: (pc=0x0000000000000000)
0xffffffffffffffe0:   


Register to memory mapping:

RAX=0x0000000000514790 is an unknown value
RBX=0x0000000000514650 is an unknown value
RCX=0x0000000000514650 is an unknown value
RDX=0x0000000018c80080 is an unknown value
RSP=0x000000001242eb98 is pointing into the stack for thread: 0x0000000010a25000
RBP=0x0000000018c99ce0 is an unknown value
RSI=0x0000000018c80080 is an unknown value
RDI=0x0000000018c80080 is an unknown value
R8 =0x0000000018c80080 is an unknown value
R9 =0x0000000000514650 is an unknown value
R10=0x000000000261237c is an Interpreter codelet
method entry point (kind = native)  [0x0000000002612100, 0x0000000002612980]  2176 bytes
R11=0x000000005fe41f50 is an unknown value
R12=0x0000000000000000 is an unknown value
R13=0x000000073bda8310 is an oop
{method} 
 - klass: {other class}
R14=0x000000001242ed00 is pointing into the stack for thread: 0x0000000010a25000
R15=0x0000000010a25000 is a thread


Stack: [0x0000000012330000,0x0000000012430000],  sp=0x000000001242eb98,  free space=1018k
Java frames: (J=compiled Java code, j=interpreted, Vv=VM code)
j  com.badlogic.gdx.physics.box2d.World.jniDestroyJoint(JJ)V+0
j  com.badlogic.gdx.physics.box2d.World.destroyJoint(Lcom/badlogic/gdx/physics/box2d/Joint;)V+57
j  org.siggd.actor.Blob.transform()V+1150
j  org.siggd.actor.Blob.keyDown(I)Z+141
j  com.badlogic.gdx.InputMultiplexer.keyDown(I)Z+27
j  com.badlogic.gdx.backends.lwjgl.LwjglInput.processEvents()V+98
j  com.badlogic.gdx.backends.lwjgl.LwjglApplication.mainLoop()V+459
j  com.badlogic.gdx.backends.lwjgl.LwjglApplication$1.run()V+27
v  ~StubRoutines::call_stub

---------------  P R O C E S S  ---------------

Java Threads: ( => current thread )
  0x0000000015b51800 JavaThread "LWJGL Timer" daemon [_thread_blocked, id=5304, stack(0x0000000019070000,0x0000000019170000)]
  0x000000001586d800 JavaThread "D3D Screen Updater" daemon [_thread_blocked, id=3116, stack(0x0000000018b80000,0x0000000018c80000)]
  0x0000000015861000 JavaThread "AssetManager-Loader-Thread" daemon [_thread_blocked, id=1508, stack(0x0000000017ec0000,0x0000000017fc0000)]
  0x0000000014ff7000 JavaThread "AWT-EventQueue-0" [_thread_blocked, id=3652, stack(0x0000000018070000,0x0000000018170000)]
  0x00000000156a5800 JavaThread "AWT-Windows" daemon [_thread_in_native, id=3564, stack(0x0000000016a80000,0x0000000016b80000)]
  0x0000000014f13800 JavaThread "AWT-Shutdown" [_thread_blocked, id=2416, stack(0x00000000167d0000,0x00000000168d0000)]
  0x000000001565c800 JavaThread "Java2D Disposer" daemon [_thread_blocked, id=5736, stack(0x00000000165b0000,0x00000000166b0000)]
  0x000000000024d000 JavaThread "DestroyJavaVM" [_thread_blocked, id=2804, stack(0x0000000002500000,0x0000000002600000)]
=>0x0000000010a25000 JavaThread "LWJGL Application" [_thread_in_native, id=5872, stack(0x0000000012330000,0x0000000012430000)]
  0x00000000108e6000 JavaThread "Service Thread" daemon [_thread_blocked, id=5484, stack(0x0000000010ed0000,0x0000000010fd0000)]
  0x00000000108ca000 JavaThread "C2 CompilerThread1" daemon [_thread_blocked, id=5040, stack(0x0000000011180000,0x0000000011280000)]
  0x00000000108c4000 JavaThread "C2 CompilerThread0" daemon [_thread_blocked, id=3256, stack(0x0000000010fd0000,0x00000000110d0000)]
  0x00000000108bc000 JavaThread "Attach Listener" daemon [_thread_blocked, id=1928, stack(0x0000000010d70000,0x0000000010e70000)]
  0x00000000108bb000 JavaThread "Signal Dispatcher" daemon [_thread_blocked, id=3308, stack(0x00000000104a0000,0x00000000105a0000)]
  0x000000000e988000 JavaThread "Finalizer" daemon [_thread_blocked, id=6140, stack(0x0000000010770000,0x0000000010870000)]
  0x000000000e97f800 JavaThread "Reference Handler" daemon [_thread_blocked, id=4852, stack(0x0000000010600000,0x0000000010700000)]

Other Threads:
  0x000000000e976000 VMThread [stack: 0x0000000010360000,0x0000000010460000] [id=2800]
  0x00000000108ee800 WatcherThread [stack: 0x00000000112f0000,0x00000000113f0000] [id=5692]

VM state:not at safepoint (normal execution)

VM Mutex/Monitor currently owned by a thread: None

Heap
 PSYoungGen      total 57152K, used 7913K [0x00000007c0360000, 0x00000007c4320000, 0x0000000800000000)
  eden space 49024K, 9% used [0x00000007c0360000,0x00000007c07d8490,0x00000007c3340000)
  from space 8128K, 41% used [0x00000007c3b30000,0x00000007c3e72320,0x00000007c4320000)
  to   space 8128K, 0% used [0x00000007c3340000,0x00000007c3340000,0x00000007c3b30000)
 ParOldGen       total 130688K, used 32K [0x0000000740a00000, 0x00000007489a0000, 0x00000007c0360000)
  object space 130688K, 0% used [0x0000000740a00000,0x0000000740a08000,0x00000007489a0000)
 PSPermGen       total 21248K, used 16316K [0x000000073b800000, 0x000000073ccc0000, 0x0000000740a00000)
  object space 21248K, 76% used [0x000000073b800000,0x000000073c7ef308,0x000000073ccc0000)

Card table byte_map: [0x0000000005600000,0x0000000005c30000] byte_map_base: 0x0000000001c24000

Polling page: 0x0000000000220000

Code Cache  [0x0000000002600000, 0x0000000002870000, 0x0000000005600000)
 total_blobs=1019 nmethods=431 adapters=539 free_code_cache=47550Kb largest_free_block=48659520

Compilation events (10 events):
Event: 11.661 Thread 0x00000000108c4000 nmethod 429 0x0000000002790150 code [0x0000000002790280, 0x00000000027902f8]
Event: 11.661 Thread 0x00000000108c4000  430             com.badlogic.gdx.math.Vector3::div (8 bytes)
Event: 11.661 Thread 0x00000000108ca000 nmethod 428 0x000000000278d990 code [0x000000000278db00, 0x000000000278dbb8]
Event: 11.661 Thread 0x00000000108c4000 nmethod 430 0x000000000278d750 code [0x000000000278d8a0, 0x000000000278d938]
Event: 11.666 Thread 0x00000000108ca000  431             org.lwjgl.opengl.WindowsMouse::poll (183 bytes)
Event: 11.672 Thread 0x00000000108ca000 nmethod 431 0x000000000278f710 code [0x000000000278f880, 0x000000000278fe38]
Event: 12.213 Thread 0x00000000108c4000  432             java.lang.ref.Reference::<init> (25 bytes)
Event: 12.213 Thread 0x00000000108c4000 nmethod 432 0x000000000278f4d0 code [0x000000000278f600, 0x000000000278f6b8]
Event: 12.297 Thread 0x00000000108ca000  433             java.io.Win32FileSystem::prefixLength (91 bytes)
Event: 12.298 Thread 0x00000000108ca000 nmethod 433 0x0000000002794f10 code [0x0000000002795060, 0x00000000027951f8]

GC Heap History (8 events):
Event: 1.026 GC heap before
{Heap before GC invocations=1 (full 0):
 PSYoungGen      total 57152K, used 37350K [0x00000007c0360000, 0x00000007c4320000, 0x0000000800000000)
  eden space 49024K, 76% used [0x00000007c0360000,0x00000007c27d98e8,0x00000007c3340000)
  from space 8128K, 0% used [0x00000007c3b30000,0x00000007c3b30000,0x00000007c4320000)
  to   space 8128K, 0% used [0x00000007c3340000,0x00000007c3340000,0x00000007c3b30000)
 ParOldGen       total 130688K, used 0K [0x0000000740a00000, 0x00000007489a0000, 0x00000007c0360000)
  object space 130688K, 0% used [0x0000000740a00000,0x0000000740a00000,0x00000007489a0000)
 PSPermGen       total 21248K, used 15718K [0x000000073b800000, 0x000000073ccc0000, 0x0000000740a00000)
  object space 21248K, 73% used [0x000000073b800000,0x000000073c759a70,0x000000073ccc0000)
Event: 1.034 GC heap after
Heap after GC invocations=1 (full 0):
 PSYoungGen      total 57152K, used 5952K [0x00000007c0360000, 0x00000007c4320000, 0x0000000800000000)
  eden space 49024K, 0% used [0x00000007c0360000,0x00000007c0360000,0x00000007c3340000)
  from space 8128K, 73% used [0x00000007c3340000,0x00000007c3910030,0x00000007c3b30000)
  to   space 8128K, 0% used [0x00000007c3b30000,0x00000007c3b30000,0x00000007c4320000)
 ParOldGen       total 130688K, used 8K [0x0000000740a00000, 0x00000007489a0000, 0x00000007c0360000)
  object space 130688K, 0% used [0x0000000740a00000,0x0000000740a02000,0x00000007489a0000)
 PSPermGen       total 21248K, used 15718K [0x000000073b800000, 0x000000073ccc0000, 0x0000000740a00000)
  object space 21248K, 73% used [0x000000073b800000,0x000000073c759a70,0x000000073ccc0000)
}
Event: 4.026 GC heap before
{Heap before GC invocations=2 (full 0):
 PSYoungGen      total 57152K, used 54976K [0x00000007c0360000, 0x00000007c4320000, 0x0000000800000000)
  eden space 49024K, 100% used [0x00000007c0360000,0x00000007c3340000,0x00000007c3340000)
  from space 8128K, 73% used [0x00000007c3340000,0x00000007c3910030,0x00000007c3b30000)
  to   space 8128K, 0% used [0x00000007c3b30000,0x00000007c3b30000,0x00000007c4320000)
 ParOldGen       total 130688K, used 8K [0x0000000740a00000, 0x00000007489a0000, 0x00000007c0360000)
  object space 130688K, 0% used [0x0000000740a00000,0x0000000740a02000,0x00000007489a0000)
 PSPermGen       total 21248K, used 16220K [0x000000073b800000, 0x000000073ccc0000, 0x0000000740a00000)
  object space 21248K, 76% used [0x000000073b800000,0x000000073c7d70e0,0x000000073ccc0000)
Event: 4.030 GC heap after
Heap after GC invocations=2 (full 0):
 PSYoungGen      total 57152K, used 3256K [0x00000007c0360000, 0x00000007c4320000, 0x0000000800000000)
  eden space 49024K, 0% used [0x00000007c0360000,0x00000007c0360000,0x00000007c3340000)
  from space 8128K, 40% used [0x00000007c3b30000,0x00000007c3e5e290,0x00000007c4320000)
  to   space 8128K, 0% used [0x00000007c3340000,0x00000007c3340000,0x00000007c3b30000)
 ParOldGen       total 130688K, used 16K [0x0000000740a00000, 0x00000007489a0000, 0x00000007c0360000)
  object space 130688K, 0% used [0x0000000740a00000,0x0000000740a04000,0x00000007489a0000)
 PSPermGen       total 21248K, used 16220K [0x000000073b800000, 0x000000073ccc0000, 0x0000000740a00000)
  object space 21248K, 76% used [0x000000073b800000,0x000000073c7d70e0,0x000000073ccc0000)
}
Event: 7.728 GC heap before
{Heap before GC invocations=3 (full 0):
 PSYoungGen      total 57152K, used 52280K [0x00000007c0360000, 0x00000007c4320000, 0x0000000800000000)
  eden space 49024K, 100% used [0x00000007c0360000,0x00000007c3340000,0x00000007c3340000)
  from space 8128K, 40% used [0x00000007c3b30000,0x00000007c3e5e290,0x00000007c4320000)
  to   space 8128K, 0% used [0x00000007c3340000,0x00000007c3340000,0x00000007c3b30000)
 ParOldGen       total 130688K, used 16K [0x0000000740a00000, 0x00000007489a0000, 0x00000007c0360000)
  object space 130688K, 0% used [0x0000000740a00000,0x0000000740a04000,0x00000007489a0000)
 PSPermGen       total 21248K, used 16278K [0x000000073b800000, 0x000000073ccc0000, 0x0000000740a00000)
  object space 21248K, 76% used [0x000000073b800000,0x000000073c7e5840,0x000000073ccc0000)
Event: 7.732 GC heap after
Heap after GC invocations=3 (full 0):
 PSYoungGen      total 57152K, used 3272K [0x00000007c0360000, 0x00000007c4320000, 0x0000000800000000)
  eden space 49024K, 0% used [0x00000007c0360000,0x00000007c0360000,0x00000007c3340000)
  from space 8128K, 40% used [0x00000007c3340000,0x00000007c3672280,0x00000007c3b30000)
  to   space 8128K, 0% used [0x00000007c3b30000,0x00000007c3b30000,0x00000007c4320000)
 ParOldGen       total 130688K, used 24K [0x0000000740a00000, 0x00000007489a0000, 0x00000007c0360000)
  object space 130688K, 0% used [0x0000000740a00000,0x0000000740a06000,0x00000007489a0000)
 PSPermGen       total 21248K, used 16278K [0x000000073b800000, 0x000000073ccc0000, 0x0000000740a00000)
  object space 21248K, 76% used [0x000000073b800000,0x000000073c7e5840,0x000000073ccc0000)
}
Event: 12.047 GC heap before
{Heap before GC invocations=4 (full 0):
 PSYoungGen      total 57152K, used 52296K [0x00000007c0360000, 0x00000007c4320000, 0x0000000800000000)
  eden space 49024K, 100% used [0x00000007c0360000,0x00000007c3340000,0x00000007c3340000)
  from space 8128K, 40% used [0x00000007c3340000,0x00000007c3672280,0x00000007c3b30000)
  to   space 8128K, 0% used [0x00000007c3b30000,0x00000007c3b30000,0x00000007c4320000)
 ParOldGen       total 130688K, used 24K [0x0000000740a00000, 0x00000007489a0000, 0x00000007c0360000)
  object space 130688K, 0% used [0x0000000740a00000,0x0000000740a06000,0x00000007489a0000)
 PSPermGen       total 21248K, used 16312K [0x000000073b800000, 0x000000073ccc0000, 0x0000000740a00000)
  object space 21248K, 76% used [0x000000073b800000,0x000000073c7ee330,0x000000073ccc0000)
Event: 12.052 GC heap after
Heap after GC invocations=4 (full 0):
 PSYoungGen      total 57152K, used 3336K [0x00000007c0360000, 0x00000007c4320000, 0x0000000800000000)
  eden space 49024K, 0% used [0x00000007c0360000,0x00000007c0360000,0x00000007c3340000)
  from space 8128K, 41% used [0x00000007c3b30000,0x00000007c3e72320,0x00000007c4320000)
  to   space 8128K, 0% used [0x00000007c3340000,0x00000007c3340000,0x00000007c3b30000)
 ParOldGen       total 130688K, used 32K [0x0000000740a00000, 0x00000007489a0000, 0x00000007c0360000)
  object space 130688K, 0% used [0x0000000740a00000,0x0000000740a08000,0x00000007489a0000)
 PSPermGen       total 21248K, used 16312K [0x000000073b800000, 0x000000073ccc0000, 0x0000000740a00000)
  object space 21248K, 76% used [0x000000073b800000,0x000000073c7ee330,0x000000073ccc0000)
}

Deoptimization events (10 events):
Event: 0.855 Thread 0x0000000010a25000 Uncommon trap -83 fr.pc 0x0000000002699a30
Event: 1.630 Thread 0x0000000010a25000 Uncommon trap -83 fr.pc 0x00000000026dcfa0
Event: 1.873 Thread 0x0000000010a25000 Uncommon trap -83 fr.pc 0x00000000026ecaf0
Event: 3.891 Thread 0x0000000010a25000 Uncommon trap -83 fr.pc 0x0000000002760f24
Event: 3.994 Thread 0x0000000010a25000 Uncommon trap -83 fr.pc 0x0000000002727c28
Event: 6.296 Thread 0x0000000010a25000 Uncommon trap -34 fr.pc 0x000000000273edbc
Event: 6.312 Thread 0x0000000010a25000 Uncommon trap -34 fr.pc 0x000000000273edbc
Event: 6.329 Thread 0x0000000010a25000 Uncommon trap -34 fr.pc 0x000000000273edbc
Event: 6.345 Thread 0x0000000010a25000 Uncommon trap -34 fr.pc 0x000000000273edbc
Event: 6.741 Thread 0x0000000010a25000 Uncommon trap -122 fr.pc 0x0000000002761d08

Internal exceptions (10 events):
Event: 1.916 Thread 0x0000000010a25000 Threw 0x00000007c17a12b0 at C:\jdk7u2_64p\jdk7u15\hotspot\src\share\vm\prims\jvm.cpp:1166
Event: 1.916 Thread 0x0000000010a25000 Threw 0x00000007c17a5ca0 at C:\jdk7u2_64p\jdk7u15\hotspot\src\share\vm\prims\jvm.cpp:1166
Event: 1.917 Thread 0x0000000010a25000 Threw 0x00000007c17aa948 at C:\jdk7u2_64p\jdk7u15\hotspot\src\share\vm\prims\jvm.cpp:1166
Event: 1.925 Thread 0x0000000010a25000 Threw 0x00000007c17b1138 at C:\jdk7u2_64p\jdk7u15\hotspot\src\share\vm\prims\jvm.cpp:1166
Event: 1.926 Thread 0x0000000010a25000 Threw 0x00000007c17b5eb0 at C:\jdk7u2_64p\jdk7u15\hotspot\src\share\vm\prims\jvm.cpp:1166
Event: 1.926 Thread 0x0000000010a25000 Threw 0x00000007c17bac70 at C:\jdk7u2_64p\jdk7u15\hotspot\src\share\vm\prims\jvm.cpp:1166
Event: 2.855 Thread 0x0000000010a25000 Threw 0x00000007c22fb0e0 at C:\jdk7u2_64p\jdk7u15\hotspot\src\share\vm\prims\jvm.cpp:1166
Event: 2.939 Thread 0x0000000010a25000 Threw 0x00000007c24405d0 at C:\jdk7u2_64p\jdk7u15\hotspot\src\share\vm\prims\jvm.cpp:1166
Event: 4.285 Thread 0x0000000010a25000 Threw 0x00000007c07b3b70 at C:\jdk7u2_64p\jdk7u15\hotspot\src\share\vm\prims\jvm.cpp:1166
Event: 4.290 Thread 0x0000000010a25000 Threw 0x00000007c07bf2f0 at C:\jdk7u2_64p\jdk7u15\hotspot\src\share\vm\prims\jvm.cpp:1166

Events (10 events):
Event: 12.053 Executing VM operation: RevokeBias
Event: 12.053 Executing VM operation: RevokeBias done
Event: 12.053 Executing VM operation: RevokeBias
Event: 12.053 Executing VM operation: RevokeBias done
Event: 12.053 Executing VM operation: RevokeBias
Event: 12.053 Executing VM operation: RevokeBias done
Event: 12.053 Executing VM operation: RevokeBias
Event: 12.053 Executing VM operation: RevokeBias done
Event: 12.053 Executing VM operation: BulkRevokeBias
Event: 12.053 Executing VM operation: BulkRevokeBias done


Dynamic libraries:
0x000000013ff10000 - 0x000000013ff43000 	C:\Program Files\Java\jre7\bin\javaw.exe
0x0000000077650000 - 0x00000000777f9000 	C:\Windows\SYSTEM32\ntdll.dll
0x0000000076f70000 - 0x000000007708f000 	C:\Windows\system32\kernel32.dll
0x000007fefddf0000 - 0x000007fefde5c000 	C:\Windows\system32\KERNELBASE.dll
0x000007fefe030000 - 0x000007fefe10b000 	C:\Windows\system32\ADVAPI32.dll
0x000007fefe5c0000 - 0x000007fefe65f000 	C:\Windows\system32\msvcrt.dll
0x000007fefdf00000 - 0x000007fefdf1f000 	C:\Windows\SYSTEM32\sechost.dll
0x000007fefe320000 - 0x000007fefe44d000 	C:\Windows\system32\RPCRT4.dll
0x0000000077550000 - 0x000000007764a000 	C:\Windows\system32\USER32.dll
0x000007feff5f0000 - 0x000007feff657000 	C:\Windows\system32\GDI32.dll
0x000007fefdf50000 - 0x000007fefdf5e000 	C:\Windows\system32\LPK.dll
0x000007fefdf60000 - 0x000007fefe029000 	C:\Windows\system32\USP10.dll
0x000007fefb8a0000 - 0x000007fefba94000 	C:\Windows\WinSxS\amd64_microsoft.windows.common-controls_6595b64144ccf1df_6.0.7601.17514_none_fa396087175ac9ac\COMCTL32.dll
0x000007feff660000 - 0x000007feff6d1000 	C:\Windows\system32\SHLWAPI.dll
0x000007fefdf20000 - 0x000007fefdf4e000 	C:\Windows\system32\IMM32.DLL
0x000007fefe750000 - 0x000007fefe859000 	C:\Windows\system32\MSCTF.dll
0x00000000603a0000 - 0x0000000060471000 	C:\Program Files\Java\jre7\bin\msvcr100.dll
0x000000005fc80000 - 0x000000006039f000 	C:\Program Files\Java\jre7\bin\server\jvm.dll
0x000007fef4330000 - 0x000007fef4339000 	C:\Windows\system32\WSOCK32.dll
0x000007fefe550000 - 0x000007fefe59d000 	C:\Windows\system32\WS2_32.dll
0x000007fefe740000 - 0x000007fefe748000 	C:\Windows\system32\NSI.dll
0x000007fefa670000 - 0x000007fefa6ab000 	C:\Windows\system32\WINMM.dll
0x0000000077820000 - 0x0000000077827000 	C:\Windows\system32\PSAPI.DLL
0x0000000070cf0000 - 0x0000000070cff000 	C:\Program Files\Java\jre7\bin\verify.dll
0x000000006ecb0000 - 0x000000006ecd8000 	C:\Program Files\Java\jre7\bin\java.dll
0x0000000070420000 - 0x0000000070435000 	C:\Program Files\Java\jre7\bin\zip.dll
0x0000000065580000 - 0x000000006560d000 	C:\Users\Underclocker\AppData\Local\Temp\libgdxUnderclocker\3722451631\gdx64.dll
0x0000000180000000 - 0x0000000180050000 	C:\Users\Underclocker\AppData\Local\Temp\libgdxUnderclocker\27538956\lwjgl64.dll
0x000007feeab60000 - 0x000007feeac7d000 	C:\Windows\system32\OPENGL32.dll
0x000007fefab40000 - 0x000007fefab6d000 	C:\Windows\system32\GLU32.dll
0x000007feef1c0000 - 0x000007feef2b1000 	C:\Windows\system32\DDRAW.dll
0x000007fefab20000 - 0x000007fefab28000 	C:\Windows\system32\DCIMAN32.dll
0x000007feff780000 - 0x000007feff957000 	C:\Windows\system32\SETUPAPI.dll
0x000007fefdba0000 - 0x000007fefdbd6000 	C:\Windows\system32\CFGMGR32.dll
0x000007fefe660000 - 0x000007fefe737000 	C:\Windows\system32\OLEAUT32.dll
0x000007fefe110000 - 0x000007fefe313000 	C:\Windows\system32\ole32.dll
0x000007fefde60000 - 0x000007fefde7a000 	C:\Windows\system32\DEVOBJ.dll
0x000007fefb0d0000 - 0x000007fefb0e8000 	C:\Windows\system32\dwmapi.dll
0x000007fefcba0000 - 0x000007fefcbac000 	C:\Windows\system32\VERSION.dll
0x0000000001c80000 - 0x0000000001ce2000 	C:\Users\UNDERC~1\AppData\Local\Temp\libgdxUnderclocker\27538956\OpenAL64.dll
0x000007fefe860000 - 0x000007feff5e8000 	C:\Windows\system32\SHELL32.dll
0x000007fefd9e0000 - 0x000007fefd9ef000 	C:\Windows\system32\CRYPTBASE.dll
0x000007fefb4a0000 - 0x000007fefb4f6000 	C:\Windows\system32\uxtheme.dll
0x000007feff6e0000 - 0x000007feff779000 	C:\Windows\system32\CLBCatQ.DLL
0x000007fefc770000 - 0x000007fefc89c000 	C:\Windows\System32\PROPSYS.dll
0x000007fefdb60000 - 0x000007fefdb9a000 	C:\Windows\system32\WINTRUST.dll
0x000007fefdc80000 - 0x000007fefddea000 	C:\Windows\system32\CRYPT32.dll
0x000007fefdb50000 - 0x000007fefdb5f000 	C:\Windows\system32\MSASN1.dll
0x000007fef4370000 - 0x000007fef43f8000 	C:\Windows\system32\dsound.dll
0x000007fefc8a0000 - 0x000007fefc8cc000 	C:\Windows\system32\POWRPROF.dll
0x000007fefc9b0000 - 0x000007fefc9fb000 	C:\Windows\System32\MMDevApi.dll
0x000007fef3ce0000 - 0x000007fef3d2f000 	C:\Windows\system32\AUDIOSES.DLL
0x00000000583b0000 - 0x0000000059ce7000 	C:\Windows\system32\nvoglv64.DLL
0x000007fefc740000 - 0x000007fefc76d000 	C:\Windows\system32\ntmarta.dll
0x000007fefe4f0000 - 0x000007fefe542000 	C:\Windows\system32\WLDAP32.dll
0x000007fefa6b0000 - 0x000007fefa74c000 	C:\Windows\system32\mscms.dll
0x000007fefcdb0000 - 0x000007fefcdce000 	C:\Windows\system32\USERENV.dll
0x000007fefdab0000 - 0x000007fefdabf000 	C:\Windows\system32\profapi.dll
0x000007fef69d0000 - 0x000007fef6a12000 	C:\Windows\system32\icm32.dll
0x000000005dc70000 - 0x000000005de03000 	C:\Program Files\Java\jre7\bin\awt.dll
0x000007feea260000 - 0x000007feea45f000 	C:\Windows\system32\d3d9.dll
0x000007fefb530000 - 0x000007fefb537000 	C:\Windows\system32\d3d8thk.dll
0x000007fee7d80000 - 0x000007fee8ef9000 	C:\Windows\system32\nvd3dumx.dll
0x0000000060520000 - 0x0000000060554000 	C:\Program Files\Java\jre7\bin\fontmanager.dll
0x000000006ecf0000 - 0x000000006ed09000 	C:\Program Files\Java\jre7\bin\net.dll
0x000007fefd320000 - 0x000007fefd375000 	C:\Windows\system32\mswsock.dll
0x000007fefd310000 - 0x000007fefd317000 	C:\Windows\System32\wship6.dll
0x000000006ec90000 - 0x000000006eca1000 	C:\Program Files\Java\jre7\bin\nio.dll
0x000000005fc30000 - 0x000000005fc71000 	C:\Program Files\Java\jre7\bin\t2k.dll
0x000007fef68a0000 - 0x000007fef69c5000 	C:\Windows\system32\dbghelp.dll

VM Arguments:
jvm_args: -Dfile.encoding=Cp1252 
java_command: org.siggd.Main
Launcher Type: SUN_STANDARD

Environment Variables:
PATH=C:\Program Files (x86)\NVIDIA Corporation\PhysX\Common;C:\Program Files (x86)\Intel\iCLS Client\;C:\Program Files\Intel\iCLS Client\;C:\Program Files\Common Files\Microsoft Shared\Windows Live;C:\Program Files (x86)\Common Files\Microsoft Shared\Windows Live;C:\Windows\system32;C:\Windows;C:\Windows\System32\Wbem;C:\Windows\System32\WindowsPowerShell\v1.0\;C:\Program Files (x86)\Windows Live\Shared;C:\Program Files\Intel\Intel(R) Management Engine Components\DAL;C:\Program Files\Intel\Intel(R) Management Engine Components\IPT;C:\Program Files (x86)\Intel\Intel(R) Management Engine Components\DAL;C:\Program Files (x86)\Intel\Intel(R) Management Engine Components\IPT;C:\Program Files (x86)\Java\jre7\bin\;C:\Program Files\TortoiseSVN\bin
USERNAME=Underclocker
OS=Windows_NT
PROCESSOR_IDENTIFIER=Intel64 Family 6 Model 58 Stepping 9, GenuineIntel



---------------  S Y S T E M  ---------------

OS: Windows 7 , 64 bit Build 7601 Service Pack 1

CPU:total 8 (4 cores per cpu, 2 threads per core) family 6 model 58 stepping 9, cmov, cx8, fxsr, mmx, sse, sse2, sse3, ssse3, sse4.1, sse4.2, popcnt, avx, ht, tsc, tscinvbit, tscinv

Memory: 4k page, physical 12541868k(8677956k free), swap 25081884k(20037364k free)

vm_info: Java HotSpot(TM) 64-Bit Server VM (23.7-b01) for windows-amd64 JRE (1.7.0_15-b03), built on Feb 15 2013 13:43:57 by "java_re" with unknown MS VC++:1600

time: Thu Mar 28 21:29:27 2013
elapsed time: 12 seconds

