#
# A fatal error has been detected by the Java Runtime Environment:
#
#  EXCEPTION_ACCESS_VIOLATION (0xc0000005) at pc=0x000000006b98b3a1, pid=3468, tid=3416
#
# JRE version: 6.0_24-b07
# Java VM: Java HotSpot(TM) 64-Bit Server VM (19.1-b02 mixed mode windows-amd64 compressed oops)
# Problematic frame:
# C  [gdx64.dll+0xb3a1]
#
# If you would like to submit a bug report, please visit:
#   http://java.sun.com/webapps/bugreport/crash.jsp
# The crash happened outside the Java Virtual Machine in native code.
# See problematic frame for where to report the bug.
#

---------------  T H R E A D  ---------------

Current thread (0x00000000079be800):  JavaThread "LWJGL Application" [_thread_in_native, id=3416, stack(0x00000000086b0000,0x00000000087b0000)]

siginfo: ExceptionCode=0xc0000005, reading address 0x000000220c7cdb80

Registers:
RAX=0x0000000000000008, RBX=0x000000000cde1760, RCX=0x000000000cde1760, RDX=0x00000000000000b8
RSP=0x00000000087af190, RBP=0x0000000000000006, RSI=0x000000220c7cdb80, RDI=0x00000000024e5a0e
R8=0x000000000cde1760, R9=0x0000000000000002, R10=0x0000000000000000, R11=0x0000000000000001
R12=0x0000000000000000, R13=0x000000077be2d958, R14=0x00000000087af448, R15=0x00000000079be800
RIP=0x000000006b98b3a1, EFLAGS=0x0000000000010202

Register to memory mapping:

RAX=0x0000000000000008
0x0000000000000008 is pointing to unknown location

RBX=0x000000000cde1760
0x000000000cde1760 is pointing to unknown location

RCX=0x000000000cde1760
0x000000000cde1760 is pointing to unknown location

RDX=0x00000000000000b8
0x00000000000000b8 is pointing to unknown location

RSP=0x00000000087af190
0x00000000087af190 is pointing into the stack for thread: 0x00000000079be800
"LWJGL Application" prio=6 tid=0x00000000079be800 nid=0xd58 runnable [0x00000000087af000]
   java.lang.Thread.State: RUNNABLE

RBP=0x0000000000000006
0x0000000000000006 is pointing to unknown location

RSI=0x000000220c7cdb80
0x000000220c7cdb80 is pointing to unknown location

RDI=0x00000000024e5a0e
return entry points  [0x00000000024e51e0, 0x00000000024e67a0]  5568 bytes

R8 =0x000000000cde1760
0x000000000cde1760 is pointing to unknown location

R9 =0x0000000000000002
0x0000000000000002 is pointing to unknown location

R10=0x0000000000000000
0x0000000000000000 is pointing to unknown location

R11=0x0000000000000001
0x0000000000000001 is pointing to unknown location

R12=0x0000000000000000
0x0000000000000000 is pointing to unknown location

R13=0x000000077be2d958
{method} 
 - klass: {other class}

R14=0x00000000087af448
0x00000000087af448 is pointing into the stack for thread: 0x00000000079be800
"LWJGL Application" prio=6 tid=0x00000000079be800 nid=0xd58 runnable [0x00000000087af000]
   java.lang.Thread.State: RUNNABLE

R15=0x00000000079be800
"LWJGL Application" prio=6 tid=0x00000000079be800 nid=0xd58 runnable [0x00000000087af000]
   java.lang.Thread.State: RUNNABLE


Top of Stack: (sp=0x00000000087af190)
0x00000000087af190:   0000000000000013 000000000000000b
0x00000000087af1a0:   000000000d320000 0000000000000057
0x00000000087af1b0:   00000000066ab4a8 000000000cde1760
0x00000000087af1c0:   00000000087af260 00000000024e5a0e
0x00000000087af1d0:   00000000087af3a0 0000000000000000
0x00000000087af1e0:   000000077be2d958 000000006b9a185a
0x00000000087af1f0:   0000000000000012 00000000079be800
0x00000000087af200:   00000000066ab4a8 0000000100000012
0x00000000087af210:   0000000000000011 00000000087af3b8
0x00000000087af220:   00000000087af340 0000000000000001
0x00000000087af230:   00000000ef7bd9ce 000000006b9aa947
0x00000000087af240:   0000000000000018 000000077be2d958
0x00000000087af250:   0000000000000000 00000000024e4f98
0x00000000087af260:   40be324b00000002 00000000c18aae46
0x00000000087af270:   0000000000000000 0000000000000000
0x00000000087af280:   0000010100000000 00000000087af401 

Instructions: (pc=0x000000006b98b3a1)
0x000000006b98b391:   8d 45 02 48 8b 34 c3 48 85 f6 0f 84 8c 00 00 00
0x000000006b98b3a1:   48 8b 16 48 89 14 c3 48 89 f0 48 8b 5c 24 28 48 


Stack: [0x00000000086b0000,0x00000000087b0000],  sp=0x00000000087af190,  free space=1020k
Native frames: (J=compiled Java code, j=interpreted, Vv=VM code, C=native code)
C  [gdx64.dll+0xb3a1]

Java frames: (J=compiled Java code, j=interpreted, Vv=VM code)
j  com.badlogic.gdx.physics.box2d.World.jniCreateBody(JIFFFFFFFFZZZZZF)J+0
j  com.badlogic.gdx.physics.box2d.World.createBody(Lcom/badlogic/gdx/physics/box2d/BodyDef;)Lcom/badlogic/gdx/physics/box2d/Body;+80
j  org.siggd.actor.Blob.transform()V+61
j  org.siggd.actor.Blob.keyDown(I)Z+23
j  com.badlogic.gdx.InputMultiplexer.keyDown(I)Z+27
J  com.badlogic.gdx.backends.lwjgl.LwjglInput.processEvents()V
j  com.badlogic.gdx.backends.lwjgl.LwjglApplication.mainLoop()V+444
j  com.badlogic.gdx.backends.lwjgl.LwjglApplication$1.run()V+27
v  ~StubRoutines::call_stub

---------------  P R O C E S S  ---------------

Java Threads: ( => current thread )
  0x000000000d2a1000 JavaThread "TimerQueue" daemon [_thread_blocked, id=3708, stack(0x00000000126b0000,0x00000000127b0000)]
  0x000000000c6c2000 JavaThread "D3D Screen Updater" daemon [_thread_blocked, id=5080, stack(0x00000000119a0000,0x0000000011aa0000)]
  0x000000000c6be000 JavaThread "AssetManager-Loader-Thread" daemon [_thread_blocked, id=3844, stack(0x00000000118a0000,0x00000000119a0000)]
  0x000000000c5fb000 JavaThread "AWT-EventQueue-0" [_thread_blocked, id=4220, stack(0x00000000116a0000,0x00000000117a0000)]
  0x0000000007b53000 JavaThread "AWT-Windows" daemon [_thread_in_native, id=4984, stack(0x000000000e5c0000,0x000000000e6c0000)]
  0x000000000c79b000 JavaThread "AWT-Shutdown" [_thread_blocked, id=4196, stack(0x000000000e4c0000,0x000000000e5c0000)]
  0x000000000cba9000 JavaThread "Java2D Disposer" daemon [_thread_blocked, id=2196, stack(0x000000000ab30000,0x000000000ac30000)]
  0x00000000005ec800 JavaThread "DestroyJavaVM" [_thread_blocked, id=2148, stack(0x00000000023e0000,0x00000000024e0000)]
=>0x00000000079be800 JavaThread "LWJGL Application" [_thread_in_native, id=3416, stack(0x00000000086b0000,0x00000000087b0000)]
  0x00000000066af000 JavaThread "Low Memory Detector" daemon [_thread_blocked, id=4336, stack(0x0000000007790000,0x0000000007890000)]
  0x00000000066a6800 JavaThread "CompilerThread1" daemon [_thread_blocked, id=3496, stack(0x0000000007690000,0x0000000007790000)]
  0x000000000669b800 JavaThread "CompilerThread0" daemon [_thread_blocked, id=4192, stack(0x0000000007590000,0x0000000007690000)]
  0x000000000669a800 JavaThread "Attach Listener" daemon [_thread_blocked, id=4428, stack(0x0000000007490000,0x0000000007590000)]
  0x0000000006699800 JavaThread "Signal Dispatcher" daemon [_thread_blocked, id=4424, stack(0x0000000007390000,0x0000000007490000)]
  0x0000000006648800 JavaThread "Finalizer" daemon [_thread_blocked, id=4920, stack(0x0000000007290000,0x0000000007390000)]
  0x0000000006642800 JavaThread "Reference Handler" daemon [_thread_blocked, id=2248, stack(0x0000000007190000,0x0000000007290000)]

Other Threads:
  0x0000000006638800 VMThread [stack: 0x0000000007090000,0x0000000007190000] [id=4276]
  0x00000000066c9000 WatcherThread [stack: 0x0000000007890000,0x0000000007990000] [id=4048]

VM state:not at safepoint (normal execution)

VM Mutex/Monitor currently owned by a thread: None

Heap
 PSYoungGen      total 38080K, used 10587K [0x00000007d58b0000, 0x00000007d8320000, 0x0000000800000000)
  eden space 32704K, 26% used [0x00000007d58b0000,0x00000007d6118298,0x00000007d78a0000)
  from space 5376K, 36% used [0x00000007d78a0000,0x00000007d7a8eb10,0x00000007d7de0000)
  to   space 5376K, 0% used [0x00000007d7de0000,0x00000007d7de0000,0x00000007d8320000)
 PSOldGen        total 86976K, used 0K [0x0000000780a00000, 0x0000000785ef0000, 0x00000007d58b0000)
  object space 86976K, 0% used [0x0000000780a00000,0x0000000780a00000,0x0000000785ef0000)
 PSPermGen       total 21248K, used 18147K [0x000000077b800000, 0x000000077ccc0000, 0x0000000780a00000)
  object space 21248K, 85% used [0x000000077b800000,0x000000077c9b8d60,0x000000077ccc0000)

Dynamic libraries:
0x0000000000400000 - 0x000000000042e000 	C:\Program Files\Java\jre6\bin\javaw.exe
0x0000000077880000 - 0x0000000077a29000 	C:\Windows\SYSTEM32\ntdll.dll
0x0000000077610000 - 0x000000007772f000 	C:\Windows\system32\kernel32.dll
0x000007fefde90000 - 0x000007fefdefb000 	C:\Windows\system32\KERNELBASE.dll
0x000007fefe170000 - 0x000007fefe24b000 	C:\Windows\system32\ADVAPI32.dll
0x000007fefe370000 - 0x000007fefe40f000 	C:\Windows\system32\msvcrt.dll
0x000007feffb70000 - 0x000007feffb8f000 	C:\Windows\SYSTEM32\sechost.dll
0x000007fefe8b0000 - 0x000007fefe9dd000 	C:\Windows\system32\RPCRT4.dll
0x00000000771a0000 - 0x000000007729a000 	C:\Windows\system32\USER32.dll
0x000007fefe0b0000 - 0x000007fefe117000 	C:\Windows\system32\GDI32.dll
0x000007feff950000 - 0x000007feff95e000 	C:\Windows\system32\LPK.dll
0x000007fefe410000 - 0x000007fefe4d9000 	C:\Windows\system32\USP10.dll
0x000007fefea90000 - 0x000007fefeabe000 	C:\Windows\system32\IMM32.DLL
0x000007fefe7a0000 - 0x000007fefe8a9000 	C:\Windows\system32\MSCTF.dll
0x000000006d7f0000 - 0x000000006def4000 	C:\Program Files\Java\jre6\bin\server\jvm.dll
0x000007fefb6b0000 - 0x000007fefb6eb000 	C:\Windows\system32\WINMM.dll
0x000000006d760000 - 0x000000006d76e000 	C:\Program Files\Java\jre6\bin\verify.dll
0x000000006d3b0000 - 0x000000006d3d7000 	C:\Program Files\Java\jre6\bin\java.dll
0x000000006d310000 - 0x000000006d31a000 	C:\Program Files\Java\jre6\bin\hpi.dll
0x0000000077a50000 - 0x0000000077a57000 	C:\Windows\system32\PSAPI.DLL
0x000000006d7b0000 - 0x000000006d7c2000 	C:\Program Files\Java\jre6\bin\zip.dll
0x000000006b980000 - 0x000000006ba52000 	C:\Users\bpietrz\AppData\Local\Temp\libgdxbpietrz\553733341\gdx64.dll
0x0000000180000000 - 0x000000018004f000 	C:\Users\bpietrz\AppData\Local\Temp\libgdxbpietrz\553733341\lwjgl64.dll
0x000007fef4a20000 - 0x000007fef4b3d000 	C:\Windows\system32\OPENGL32.dll
0x000007fefa5d0000 - 0x000007fefa5fd000 	C:\Windows\system32\GLU32.dll
0x000007fef5fc0000 - 0x000007fef60b1000 	C:\Windows\system32\DDRAW.dll
0x000007fefaa00000 - 0x000007fefaa08000 	C:\Windows\system32\DCIMAN32.dll
0x000007fefe4e0000 - 0x000007fefe6b7000 	C:\Windows\system32\SETUPAPI.dll
0x000007fefde30000 - 0x000007fefde66000 	C:\Windows\system32\CFGMGR32.dll
0x000007fefe6c0000 - 0x000007fefe797000 	C:\Windows\system32\OLEAUT32.dll
0x000007feff960000 - 0x000007feffb63000 	C:\Windows\system32\ole32.dll
0x000007fefde70000 - 0x000007fefde8a000 	C:\Windows\system32\DEVOBJ.dll
0x000007fefc080000 - 0x000007fefc098000 	C:\Windows\system32\dwmapi.dll
0x000007fefcc60000 - 0x000007fefcc6c000 	C:\Windows\system32\VERSION.dll
0x000007fefc640000 - 0x000007fefc834000 	C:\Windows\WinSxS\amd64_microsoft.windows.common-controls_6595b64144ccf1df_6.0.7601.17514_none_fa396087175ac9ac\COMCTL32.dll
0x000007fefe270000 - 0x000007fefe2e1000 	C:\Windows\system32\SHLWAPI.dll
0x0000000006590000 - 0x00000000065ec000 	C:\Users\bpietrz\AppData\Local\Temp\libgdxbpietrz\553733341\OpenAL64.dll
0x000007fefebc0000 - 0x000007feff948000 	C:\Windows\system32\SHELL32.dll
0x000007fefdc10000 - 0x000007fefdc1f000 	C:\Windows\system32\CRYPTBASE.dll
0x000007fefeb20000 - 0x000007fefebb9000 	C:\Windows\system32\CLBCatQ.DLL
0x000007fefc0a0000 - 0x000007fefc1cc000 	C:\Windows\System32\PROPSYS.dll
0x000007fefe070000 - 0x000007fefe0a9000 	C:\Windows\system32\WINTRUST.dll
0x000007fefdf00000 - 0x000007fefe06a000 	C:\Windows\system32\CRYPT32.dll
0x000007fefdd80000 - 0x000007fefdd8f000 	C:\Windows\system32\MSASN1.dll
0x000007fef4990000 - 0x000007fef4a18000 	C:\Windows\system32\dsound.dll
0x000007fefbba0000 - 0x000007fefbbcc000 	C:\Windows\system32\POWRPROF.dll
0x000007fefc1d0000 - 0x000007fefc21b000 	C:\Windows\System32\MMDevApi.dll
0x000007fefaca0000 - 0x000007fefacef000 	C:\Windows\system32\AUDIOSES.DLL
0x000007fefa9f0000 - 0x000007fefa9f8000 	C:\Windows\system32\atig6pxx.dll
0x0000000069030000 - 0x000000006a67b000 	C:\Windows\system32\atio6axx.dll
0x000007fefa5c0000 - 0x000007fefa5ce000 	C:\Windows\system32\atig6txx.dll
0x0000000074db0000 - 0x0000000074e78000 	C:\Windows\system32\aticfx64.dll
0x00000000088b0000 - 0x000000000890d000 	C:\Windows\system32\atiadlxx.dll
0x000007fefcfc0000 - 0x000007fefcfde000 	C:\Windows\system32\USERENV.dll
0x000007fefdce0000 - 0x000007fefdcef000 	C:\Windows\system32\profapi.dll
0x000007fefcc40000 - 0x000007fefcc51000 	C:\Windows\system32\WTSAPI32.dll
0x000007fef48f0000 - 0x000007fef498c000 	C:\Windows\system32\mscms.dll
0x000007fef7ed0000 - 0x000007fef7f12000 	C:\Windows\system32\icm32.dll
0x000000006d000000 - 0x000000006d1c3000 	C:\Program Files\Java\jre6\bin\awt.dll
0x000007fef98d0000 - 0x000007fef9941000 	C:\Windows\system32\WINSPOOL.DRV
0x000000006d2a0000 - 0x000000006d306000 	C:\Program Files\Java\jre6\bin\fontmanager.dll
0x000007fee9de0000 - 0x000007fee9fdf000 	C:\Windows\system32\d3d9.dll
0x000007fefa970000 - 0x000007fefa977000 	C:\Windows\system32\d3d8thk.dll
0x000007fefa5b0000 - 0x000007fefa5bd000 	C:\Windows\system32\atiu9p64.dll
0x000000006e420000 - 0x000000006e959000 	C:\Windows\system32\atiumd64.dll
0x000000006ead0000 - 0x000000006ee9a000 	C:\Windows\system32\atiumd6a.dll
0x000000006d600000 - 0x000000006d617000 	C:\Program Files\Java\jre6\bin\net.dll
0x000007fefe120000 - 0x000007fefe16d000 	C:\Windows\system32\WS2_32.dll
0x000007fefe9e0000 - 0x000007fefe9e8000 	C:\Windows\system32\NSI.dll
0x000007fefd550000 - 0x000007fefd5a5000 	C:\Windows\system32\mswsock.dll
0x000007fefd540000 - 0x000007fefd547000 	C:\Windows\System32\wship6.dll
0x000000006d620000 - 0x000000006d62b000 	C:\Program Files\Java\jre6\bin\nio.dll

VM Arguments:
jvm_args: -Dfile.encoding=Cp1252 
java_command: org.siggd.Main
Launcher Type: SUN_STANDARD

Environment Variables:
CLASSPATH=.;C:\Program Files (x86)\Java\jre6\lib\ext\QTJava.zip
PATH=C:\Program Files (x86)\MiKTeX 2.9\miktex\bin;C:\Program Files\Common Files\Microsoft Shared\Windows Live;C:\Program Files (x86)\Common Files\Microsoft Shared\Windows Live;C:\Windows\system32;C:\Windows;C:\Windows\System32\Wbem;C:\Windows\System32\WindowsPowerShell\v1.0\;C:\Program Files\VanDyke Software\Clients\;C:\Program Files (x86)\QuickTime\QTSystem\;C:\Program Files (x86)\Windows Live\Shared;C:\Program Files (x86)\NVIDIA Corporation\Cg\bin;C:\Program Files (x86)\NVIDIA Corporation\Cg\bin.x64;C:\Program Files (x86)\Microchip\MPLAB C32 Suite\bin;C:\Program Files\Microsoft Windows Performance Toolkit\;c:\Program Files (x86)\Microsoft SQL Server\100\Tools\Binn\;c:\Program Files\Microsoft SQL Server\100\Tools\Binn\;c:\Program Files\Microsoft SQL Server\100\DTS\Binn\;C:\Program Files\MATLAB\R2011a\runtime\win64;C:\Program Files\MATLAB\R2011a\bin;C:\Program Files\TortoiseSVN\bin;C:\Program Files\System Center Operations Manager 2007\
USERNAME=bpietrz
OS=Windows_NT
PROCESSOR_IDENTIFIER=Intel64 Family 6 Model 42 Stepping 7, GenuineIntel



---------------  S Y S T E M  ---------------

OS: Windows 7 Build 7601 Service Pack 1

CPU:total 8 (4 cores per cpu, 2 threads per core) family 6 model 42 stepping 7, cmov, cx8, fxsr, mmx, sse, sse2, sse3, ssse3, sse4.1, sse4.2, popcnt, ht

Memory: 4k page, physical 8344508k(4469772k free), swap 16687164k(12579340k free)

vm_info: Java HotSpot(TM) 64-Bit Server VM (19.1-b02) for windows-amd64 JRE (1.6.0_24-b07), built on Feb  2 2011 16:25:45 by "java_re" with MS VC++ 8.0 (VS2005)

time: Sat Feb 09 16:46:59 2013
elapsed time: 124 seconds

